This is pdfTeX, Version 3.14159265-2.6-1.40.16 (TeX Live 2015) (preloaded format=pdflatex 2016.4.1)  6 APR 2016 16:30
entering extended mode
 restricted \write18 enabled.
 file:line:error style messages enabled.
 %&-line parsing enabled.
**main.tex
(./main.tex
LaTeX2e <2015/01/01>
Babel <3.9l> and hyphenation patterns for 79 languages loaded.
(./MastersDoctoralThesis.cls
Document Class: MastersDoctoralThesis 2016/03/25 v1.4 LaTeXTemplates.com
(/usr/local/texlive/2015/texmf-dist/tex/latex/etoolbox/etoolbox.sty
Package: etoolbox 2015/05/04 v2.2 e-TeX tools for LaTeX (JAW)
\etb@tempcnta=\count79
)
(/usr/local/texlive/2015/texmf-dist/tex/latex/l3packages/xparse/xparse.sty
(/usr/local/texlive/2015/texmf-dist/tex/latex/l3kernel/expl3.sty
Package: expl3 2015/03/01 v5547 L3 programming layer (loader) 

(/usr/local/texlive/2015/texmf-dist/tex/latex/l3kernel/expl3-code.tex
Package: expl3 2015/03/01 v5547 L3 programming layer (code) 
L3 Module: l3bootstrap 2015/02/28 v5542 L3 Bootstrap code
L3 Module: l3names 2015/02/24 v5535 L3 Namespace for primitives
L3 Module: l3basics 2015/01/27 v5500 L3 Basic definitions
L3 Module: l3expan 2014/11/27 v5472 L3 Argument expansion
L3 Module: l3tl 2015/01/27 v5500 L3 Token lists
L3 Module: l3str 2015/03/01 v5545 L3 Strings
L3 Module: l3seq 2014/08/23 v5354 L3 Sequences and stacks
L3 Module: l3int 2015/02/21 v5529 L3 Integers
\c_max_int=\count80
\l_tmpa_int=\count81
\l_tmpb_int=\count82
\g_tmpa_int=\count83
\g_tmpb_int=\count84
L3 Module: l3quark 2014/08/23 v5354 L3 Quarks
L3 Module: l3prg 2014/08/23 v5354 L3 Control structures
\g__prg_map_int=\count85
L3 Module: l3clist 2014/08/23 v5354 L3 Comma separated lists
L3 Module: l3token 2014/09/15 v5422 L3 Experimental token manipulation
L3 Module: l3prop 2014/08/23 v5354 L3 Property lists
L3 Module: l3msg 2015/02/26 v5537 L3 Messages
L3 Module: l3file 2014/08/24 v5369 L3 File and I/O operations
\l_iow_line_count_int=\count86
\l__iow_target_count_int=\count87
\l__iow_current_line_int=\count88
\l__iow_current_word_int=\count89
\l__iow_current_indentation_int=\count90
L3 Module: l3skip 2014/08/23 v5354 L3 Dimensions and skips
\c_zero_dim=\dimen102
\c_max_dim=\dimen103
\l_tmpa_dim=\dimen104
\l_tmpb_dim=\dimen105
\g_tmpa_dim=\dimen106
\g_tmpb_dim=\dimen107
\c_zero_skip=\skip41
\c_max_skip=\skip42
\l_tmpa_skip=\skip43
\l_tmpb_skip=\skip44
\g_tmpa_skip=\skip45
\g_tmpb_skip=\skip46
\c_zero_muskip=\muskip10
\c_max_muskip=\muskip11
\l_tmpa_muskip=\muskip12
\l_tmpb_muskip=\muskip13
\g_tmpa_muskip=\muskip14
\g_tmpb_muskip=\muskip15
L3 Module: l3keys 2015/01/27 v5500 L3 Key-value interfaces
\g__keyval_level_int=\count91
\l_keys_choice_int=\count92
L3 Module: l3fp 2014/08/22 v5336 L3 Floating points
\c__fp_leading_shift_int=\count93
\c__fp_middle_shift_int=\count94
\c__fp_trailing_shift_int=\count95
\c__fp_big_leading_shift_int=\count96
\c__fp_big_middle_shift_int=\count97
\c__fp_big_trailing_shift_int=\count98
\c__fp_Bigg_leading_shift_int=\count99
\c__fp_Bigg_middle_shift_int=\count100
\c__fp_Bigg_trailing_shift_int=\count101
L3 Module: l3box 2014/08/23 v5354 L3 Experimental boxes
\c_empty_box=\box26
\l_tmpa_box=\box27
\l_tmpb_box=\box28
\g_tmpa_box=\box29
\g_tmpb_box=\box30
L3 Module: l3coffins 2014/08/23 v5354 L3 Coffin code layer
\l__coffin_internal_box=\box31
\l__coffin_internal_dim=\dimen108
\l__coffin_offset_x_dim=\dimen109
\l__coffin_offset_y_dim=\dimen110
\l__coffin_x_dim=\dimen111
\l__coffin_y_dim=\dimen112
\l__coffin_x_prime_dim=\dimen113
\l__coffin_y_prime_dim=\dimen114
\c_empty_coffin=\box32
\l__coffin_aligned_coffin=\box33
\l__coffin_aligned_internal_coffin=\box34
\l_tmpa_coffin=\box35
\l_tmpb_coffin=\box36
\l__coffin_display_coffin=\box37
\l__coffin_display_coord_coffin=\box38
\l__coffin_display_pole_coffin=\box39
\l__coffin_display_offset_dim=\dimen115
\l__coffin_display_x_dim=\dimen116
\l__coffin_display_y_dim=\dimen117
L3 Module: l3color 2014/08/23 v5354 L3 Experimental color support
L3 Module: l3candidates 2015/03/01 v5544 L3 Experimental additions to l3kernel
\l__box_top_dim=\dimen118
\l__box_bottom_dim=\dimen119
\l__box_left_dim=\dimen120
\l__box_right_dim=\dimen121
\l__box_top_new_dim=\dimen122
\l__box_bottom_new_dim=\dimen123
\l__box_left_new_dim=\dimen124
\l__box_right_new_dim=\dimen125
\l__box_internal_box=\box40
\l__coffin_bounding_shift_dim=\dimen126
\l__coffin_left_corner_dim=\dimen127
\l__coffin_right_corner_dim=\dimen128
\l__coffin_bottom_corner_dim=\dimen129
\l__coffin_top_corner_dim=\dimen130
\l__coffin_scaled_total_height_dim=\dimen131
\l__coffin_scaled_width_dim=\dimen132
)
(/usr/local/texlive/2015/texmf-dist/tex/latex/l3kernel/l3unicode-data.def
File: l3unicode-data.def 2015/03/01 v5544 L3 Unicode data
)
(/usr/local/texlive/2015/texmf-dist/tex/latex/l3kernel/l3pdfmode.def
File: l3pdfmode.def 2015/03/01 v5544 L3 Experimental driver: PDF mode
\l__driver_color_stack_int=\count102
))
Package: xparse 2014/11/25 v5471 L3 Experimental document command parser
\l__xparse_current_arg_int=\count103
\l__xparse_m_args_int=\count104
\l__xparse_mandatory_args_int=\count105
\l__xparse_processor_int=\count106
\l__xparse_v_nesting_int=\count107
)
(/usr/local/texlive/2015/texmf-dist/tex/latex/base/book.cls
Document Class: book 2014/09/29 v1.4h Standard LaTeX document class
(/usr/local/texlive/2015/texmf-dist/tex/latex/base/bk12.clo
File: bk12.clo 2014/09/29 v1.4h Standard LaTeX file (size option)
)
\c@part=\count108
\c@chapter=\count109
\c@section=\count110
\c@subsection=\count111
\c@subsubsection=\count112
\c@paragraph=\count113
\c@subparagraph=\count114
\c@figure=\count115
\c@table=\count116
\abovecaptionskip=\skip47
\belowcaptionskip=\skip48
\bibindent=\dimen133
)
.................................................
. LaTeX info: "xparse/define-command"
. 
. Defining command \addchap with sig. ' s o m ' on line 134.
.................................................
.................................................
. LaTeX info: "xparse/define-command"
. 
. Defining command \addsec with sig. ' s o m ' on line 149.
.................................................

(/usr/local/texlive/2015/texmf-dist/tex/generic/babel/babel.sty
Package: babel 2014/09/25 3.9l The Babel package

(/usr/local/texlive/2015/texmf-dist/tex/generic/babel-english/english.ldf
Language: english 2012/08/20 v3.3p English support from the babel system

(/usr/local/texlive/2015/texmf-dist/tex/generic/babel/babel.def
File: babel.def 2014/09/25 3.9l Babel common definitions
\babel@savecnt=\count117
\U@D=\dimen134
)
\l@canadian = a dialect from \language\l@american 
\l@australian = a dialect from \language\l@british 
\l@newzealand = a dialect from \language\l@british 
))
(/usr/local/texlive/2015/texmf-dist/tex/latex/koma-script/scrbase.sty
Package: scrbase 2015/05/06 v3.17a KOMA-Script package (KOMA-Script-independent
 basics and keyval usage)

(/usr/local/texlive/2015/texmf-dist/tex/latex/graphics/keyval.sty
Package: keyval 2014/10/28 v1.15 key=value parser (DPC)
\KV@toks@=\toks14
)
(/usr/local/texlive/2015/texmf-dist/tex/latex/koma-script/scrlfile.sty
Package: scrlfile 2015/05/06 v3.17a KOMA-Script package (loading files)

Package scrlfile, 2015/05/06 v3.17a KOMA-Script package (loading files)
                  Copyright (C) Markus Kohm

)) (/usr/local/texlive/2015/texmf-dist/tex/latex/koma-script/scrhack.sty
Package: scrhack 2015/05/06 v3.17a KOMA-Script package 

(/usr/local/texlive/2015/texmf-dist/tex/latex/koma-script/scrkbase.sty
Package: scrkbase 2015/05/06 v3.17a KOMA-Script package (KOMA-Script-dependent 
basics and keyval usage)
))
(/usr/local/texlive/2015/texmf-dist/tex/latex/setspace/setspace.sty
Package: setspace 2011/12/19 v6.7a set line spacing
)
Package scrhack Info: loading setspace hack on input line 162.

(/usr/local/texlive/2015/texmf-dist/tex/latex/koma-script/setspace.hak
File: setspace.hak 2015/05/06 v3.17a KOMA-Script package (hacking package setsp
ace)
)
(/usr/local/texlive/2015/texmf-dist/tex/latex/tools/longtable.sty
Package: longtable 2014/10/28 v4.11 Multi-page Table package (DPC)
\LTleft=\skip49
\LTright=\skip50
\LTpre=\skip51
\LTpost=\skip52
\LTchunksize=\count118
\LTcapwidth=\dimen135
\LT@head=\box41
\LT@firsthead=\box42
\LT@foot=\box43
\LT@lastfoot=\box44
\LT@cols=\count119
\LT@rows=\count120
\c@LT@tables=\count121
\c@LT@chunks=\count122
\LT@p@ftn=\toks15
)
(/usr/local/texlive/2015/texmf-dist/tex/latex/siunitx/siunitx.sty
Package: siunitx 2015/01/21 v2.6e A comprehensive (SI) units package

(/usr/local/texlive/2015/texmf-dist/tex/latex/amsmath/amstext.sty
Package: amstext 2000/06/29 v2.01

(/usr/local/texlive/2015/texmf-dist/tex/latex/amsmath/amsgen.sty
File: amsgen.sty 1999/11/30 v2.0
\@emptytoks=\toks16
\ex@=\dimen136
))
(/usr/local/texlive/2015/texmf-dist/tex/latex/tools/array.sty
Package: array 2014/10/28 v2.4c Tabular extension package (FMi)
\col@sep=\dimen137
\extrarowheight=\dimen138
\NC@list=\toks17
\extratabsurround=\skip53
\backup@length=\skip54
)
(/usr/local/texlive/2015/texmf-dist/tex/latex/l3packages/l3keys2e/l3keys2e.sty
Package: l3keys2e 2014/11/25 v5471 LaTeX2e option processing using LaTeX3 keys
)
Variant \tl_if_blank:VTF already defined; not changing it on line 50
\l__siunitx_tmp_box=\box45
\l__siunitx_tmp_dim=\dimen139
\l__siunitx_tmp_int=\count123
Variant \prop_get:NVNT already defined; not changing it on line 380
Variant \prop_get:NVNF already defined; not changing it on line 381
Variant \prop_get:NVNTF already defined; not changing it on line 382
\l__siunitx_number_mantissa_length_int=\count124
\l__siunitx_number_uncert_length_int=\count125
\l__siunitx_round_int=\count126
\l__siunitx_process_decimal_int=\count127
\l__siunitx_process_uncertainty_int=\count128
\l__siunitx_process_fixed_int=\count129
\l__siunitx_process_integer_min_int=\count130
\l__siunitx_process_precision_int=\count131
\l__siunitx_group_min_int=\count132
\l__siunitx_angle_marker_box=\box46
\l__siunitx_angle_unit_box=\box47
\l__siunitx_angle_marker_dim=\dimen140
\l__siunitx_angle_unit_dim=\dimen141
\l__siunitx_unit_int=\count133
\l__siunitx_unit_denominator_int=\count134
\l__siunitx_unit_numerator_int=\count135
\l__siunitx_unit_prefix_int=\count136
\l__siunitx_unit_prefix_base_int=\count137
\l__siunitx_unit_prefix_gram_int=\count138
\l__siunitx_number_product_int=\count139
\c__siunitx_one_fill_skip=\skip55
\l__siunitx_table_unit_align_skip=\skip56
\l__siunitx_table_exponent_dim=\dimen142
\l__siunitx_table_integer_dim=\dimen143
\l__siunitx_table_mantissa_dim=\dimen144
\l__siunitx_table_marker_dim=\dimen145
\l__siunitx_table_result_dim=\dimen146
\l__siunitx_table_uncert_dim=\dimen147
\l__siunitx_table_fill_pre_dim=\dimen148
\l__siunitx_table_fill_post_dim=\dimen149
\l__siunitx_table_fill_mid_dim=\dimen150
\l__siunitx_table_pre_box=\box48
\l__siunitx_table_post_box=\box49
\l__siunitx_table_mantissa_box=\box50
\l__siunitx_table_result_box=\box51
\l__siunitx_table_number_align_skip=\skip57
\l__siunitx_table_text_align_skip=\skip58
.................................................
. LaTeX info: "xparse/define-command"
. 
. Defining command \DeclareBinaryPrefix with sig. 'mmm' on line 7176.
.................................................
.................................................
. LaTeX info: "xparse/define-command"
. 
. Defining command \DeclareSIPostPower with sig. 'mm' on line 7179.
.................................................
.................................................
. LaTeX info: "xparse/define-command"
. 
. Defining command \DeclareSIPrefix with sig. 'mmm' on line 7182.
.................................................
.................................................
. LaTeX info: "xparse/define-command"
. 
. Defining command \DeclareSIPrePower with sig. 'mm' on line 7185.
.................................................
.................................................
. LaTeX info: "xparse/define-command"
. 
. Defining command \DeclareSIQualifier with sig. 'mm' on line 7188.
.................................................
.................................................
. LaTeX info: "xparse/define-command"
. 
. Defining command \DeclareSIUnit with sig. 'O{}mm' on line 7191.
.................................................
.................................................
. LaTeX info: "xparse/define-command"
. 
. Defining command \DeclareSIUnitWithOptions with sig. 'mmm' on line 7194.
.................................................
.................................................
. LaTeX info: "xparse/define-command"
. 
. Defining command \ang with sig. 'o>{\SplitArgument {2}{;}}m' on line 7209.
.................................................
.................................................
. LaTeX info: "xparse/define-command"
. 
. Defining command \num with sig. 'om' on line 7217.
.................................................
.................................................
. LaTeX info: "xparse/define-command"
. 
. Defining command \numlist with sig. 'o>{\SplitList {;}}m' on line 7225.
.................................................
.................................................
. LaTeX info: "xparse/define-command"
. 
. Defining command \numrange with sig. 'omm' on line 7233.
.................................................
.................................................
. LaTeX info: "xparse/define-command"
. 
. Defining command \SIlist with sig. 'o>{\SplitList {;}}mm' on line 7244.
.................................................
.................................................
. LaTeX info: "xparse/define-command"
. 
. Defining command \SIrange with sig. 'ommm' on line 7255.
.................................................
.................................................
. LaTeX info: "xparse/define-command"
. 
. Defining command \SI with sig. 'omom' on line 7266.
.................................................
.................................................
. LaTeX info: "xparse/define-command"
. 
. Defining command \sisetup with sig. 'm' on line 7269.
.................................................
.................................................
. LaTeX info: "xparse/define-command"
. 
. Defining command \tablenum with sig. 'om' on line 7281.
.................................................
.................................................
. LaTeX info: "xparse/define-command"
. 
. Defining command \si with sig. 'om' on line 7292.
.................................................
.................................................
. LaTeX info: "xparse/define-command"
. 
. Defining command \__siunitx_bookmark_num:w with sig. 'om' on line 7339.
.................................................
.................................................
. LaTeX info: "xparse/define-command"
. 
. Defining command \__siunitx_bookmark_numrange:w with sig. 'omm' on line
. 7341.
.................................................
.................................................
. LaTeX info: "xparse/define-command"
. 
. Defining command \__siunitx_bookmark_SI:w with sig. 'omom' on line 7343.
.................................................
.................................................
. LaTeX info: "xparse/define-command"
. 
. Defining command \__siunitx_bookmark_SIlist:w with sig. 'omm' on line 7345.
.................................................
.................................................
. LaTeX info: "xparse/define-command"
. 
. Defining command \__siunitx_bookmark_SIrange:w with sig. 'ommm' on line
. 7347.
.................................................
.................................................
. LaTeX info: "xparse/define-command"
. 
. Defining command \__siunitx_bookmark_si:w with sig. 'om' on line 7348.
.................................................
\g__file_internal_ior=\read1
(/usr/local/texlive/2015/texmf-dist/tex/latex/beamer/translator/translator.sty
Package: translator 2010/06/12 ver 1.10

(/usr/local/texlive/2015/texmf-dist/tex/latex/beamer/translator/translator-lang
uage-mappings.tex)))
(/usr/local/texlive/2015/texmf-dist/tex/latex/graphics/graphicx.sty
Package: graphicx 2014/10/28 v1.0g Enhanced LaTeX Graphics (DPC,SPQR)

(/usr/local/texlive/2015/texmf-dist/tex/latex/graphics/graphics.sty
Package: graphics 2014/10/28 v1.0p Standard LaTeX Graphics (DPC,SPQR)

(/usr/local/texlive/2015/texmf-dist/tex/latex/graphics/trig.sty
Package: trig 1999/03/16 v1.09 sin cos tan (DPC)
)
(/usr/local/texlive/2015/texmf-dist/tex/latex/latexconfig/graphics.cfg
File: graphics.cfg 2010/04/23 v1.9 graphics configuration of TeX Live
)
Package graphics Info: Driver file: pdftex.def on input line 94.

(/usr/local/texlive/2015/texmf-dist/tex/latex/pdftex-def/pdftex.def
File: pdftex.def 2011/05/27 v0.06d Graphics/color for pdfTeX

(/usr/local/texlive/2015/texmf-dist/tex/generic/oberdiek/infwarerr.sty
Package: infwarerr 2010/04/08 v1.3 Providing info/warning/error messages (HO)
)
(/usr/local/texlive/2015/texmf-dist/tex/generic/oberdiek/ltxcmds.sty
Package: ltxcmds 2011/11/09 v1.22 LaTeX kernel commands for general use (HO)
)
\Gread@gobject=\count140
))
\Gin@req@height=\dimen151
\Gin@req@width=\dimen152
)
(/usr/local/texlive/2015/texmf-dist/tex/latex/booktabs/booktabs.sty
Package: booktabs 2005/04/14 v1.61803 publication quality tables
\heavyrulewidth=\dimen153
\lightrulewidth=\dimen154
\cmidrulewidth=\dimen155
\belowrulesep=\dimen156
\belowbottomsep=\dimen157
\aboverulesep=\dimen158
\abovetopsep=\dimen159
\cmidrulesep=\dimen160
\cmidrulekern=\dimen161
\defaultaddspace=\dimen162
\@cmidla=\count141
\@cmidlb=\count142
\@aboverulesep=\dimen163
\@belowrulesep=\dimen164
\@thisruleclass=\count143
\@lastruleclass=\count144
\@thisrulewidth=\dimen165
)
(/usr/local/texlive/2015/texmf-dist/tex/latex/caption/caption.sty
Package: caption 2013/05/02 v3.3-89 Customizing captions (AR)

(/usr/local/texlive/2015/texmf-dist/tex/latex/caption/caption3.sty
Package: caption3 2013/05/02 v1.6-88 caption3 kernel (AR)
Package caption3 Info: TeX engine: e-TeX on input line 57.
\captionmargin=\dimen166
\captionmargin@=\dimen167
\captionwidth=\dimen168
\caption@tempdima=\dimen169
\caption@indent=\dimen170
\caption@parindent=\dimen171
\caption@hangindent=\dimen172
)
\c@ContinuedFloat=\count145
Package caption Info: longtable package is loaded.

(/usr/local/texlive/2015/texmf-dist/tex/latex/caption/ltcaption.sty
Package: ltcaption 2013/02/03 v1.3-62 longtable captions (AR)
))
(/usr/local/texlive/2015/texmf-dist/tex/latex/geometry/geometry.sty
Package: geometry 2010/09/12 v5.6 Page Geometry

(/usr/local/texlive/2015/texmf-dist/tex/generic/oberdiek/ifpdf.sty
Package: ifpdf 2011/01/30 v2.3 Provides the ifpdf switch (HO)
Package ifpdf Info: pdfTeX in PDF mode is detected.
)
(/usr/local/texlive/2015/texmf-dist/tex/generic/oberdiek/ifvtex.sty
Package: ifvtex 2010/03/01 v1.5 Detect VTeX and its facilities (HO)
Package ifvtex Info: VTeX not detected.
)
(/usr/local/texlive/2015/texmf-dist/tex/generic/ifxetex/ifxetex.sty
Package: ifxetex 2010/09/12 v0.6 Provides ifxetex conditional
)
\Gm@cnth=\count146
\Gm@cntv=\count147
\c@Gm@tempcnt=\count148
\Gm@bindingoffset=\dimen173
\Gm@wd@mp=\dimen174
\Gm@odd@mp=\dimen175
\Gm@even@mp=\dimen176
\Gm@layoutwidth=\dimen177
\Gm@layoutheight=\dimen178
\Gm@layouthoffset=\dimen179
\Gm@layoutvoffset=\dimen180
\Gm@dimlist=\toks18
)
(/usr/local/texlive/2015/texmf-dist/tex/latex/koma-script/scrlayer-scrpage.sty
Package: scrlayer-scrpage 2015/05/06 v3.17a KOMA-Script package (end user inter
face for scrlayer)

(/usr/local/texlive/2015/texmf-dist/tex/latex/koma-script/scrlayer.sty
Package: scrlayer 2015/05/06 v3.17a KOMA-Script package (defining layers and pa
ge styles)
\footheight=\skip59
Package scrlayer Info: patching LaTeX kernel macro \pagestyle on input line 184
3.
)
Package scrbase Info: Unknown processing state.
(scrbase)             Processing option `markcase=used'
(scrbase)             of member `.scrlayer-scrpage.sty' of family
(scrbase)             `KOMA' doesn't set
(scrbase)             a valid state. This will be interpreted
(scrbase)             as \FamilyKeyStateProcessed on input line 693.
)
Package scrlayer-scrpage Info: auto-selection of `pagestyleset=standard'.

1: chapter
1: chapter
1: section
.................................................
. LaTeX info: "xparse/define-environment"
. 
. Defining environment 'abbreviations' with sig. ' m ' on line 351.
.................................................
.................................................
. LaTeX info: "xparse/define-environment"
. 
. Defining environment 'constants' with sig. ' m ' on line 369.
.................................................
.................................................
. LaTeX info: "xparse/define-environment"
. 
. Defining environment 'symbols' with sig. ' m ' on line 387.
.................................................
.................................................
. LaTeX info: "xparse/define-environment"
. 
. Defining environment 'acknowledgements' with sig. '' on line 405.
.................................................
) (/usr/local/texlive/2015/texmf-dist/tex/latex/base/inputenc.sty
Package: inputenc 2015/03/17 v1.2c Input encoding file
\inpenc@prehook=\toks19
\inpenc@posthook=\toks20

(/usr/local/texlive/2015/texmf-dist/tex/latex/base/utf8.def
File: utf8.def 2014/09/29 v1.1m UTF-8 support for inputenc
Now handling font encoding OML ...
... no UTF-8 mapping file for font encoding OML
Now handling font encoding T1 ...
... processing UTF-8 mapping file for font encoding T1

(/usr/local/texlive/2015/texmf-dist/tex/latex/base/t1enc.dfu
File: t1enc.dfu 2014/09/29 v1.1m UTF-8 support for inputenc
   defining Unicode char U+00A1 (decimal 161)
   defining Unicode char U+00A3 (decimal 163)
   defining Unicode char U+00AB (decimal 171)
   defining Unicode char U+00BB (decimal 187)
   defining Unicode char U+00BF (decimal 191)
   defining Unicode char U+00C0 (decimal 192)
   defining Unicode char U+00C1 (decimal 193)
   defining Unicode char U+00C2 (decimal 194)
   defining Unicode char U+00C3 (decimal 195)
   defining Unicode char U+00C4 (decimal 196)
   defining Unicode char U+00C5 (decimal 197)
   defining Unicode char U+00C6 (decimal 198)
   defining Unicode char U+00C7 (decimal 199)
   defining Unicode char U+00C8 (decimal 200)
   defining Unicode char U+00C9 (decimal 201)
   defining Unicode char U+00CA (decimal 202)
   defining Unicode char U+00CB (decimal 203)
   defining Unicode char U+00CC (decimal 204)
   defining Unicode char U+00CD (decimal 205)
   defining Unicode char U+00CE (decimal 206)
   defining Unicode char U+00CF (decimal 207)
   defining Unicode char U+00D0 (decimal 208)
   defining Unicode char U+00D1 (decimal 209)
   defining Unicode char U+00D2 (decimal 210)
   defining Unicode char U+00D3 (decimal 211)
   defining Unicode char U+00D4 (decimal 212)
   defining Unicode char U+00D5 (decimal 213)
   defining Unicode char U+00D6 (decimal 214)
   defining Unicode char U+00D8 (decimal 216)
   defining Unicode char U+00D9 (decimal 217)
   defining Unicode char U+00DA (decimal 218)
   defining Unicode char U+00DB (decimal 219)
   defining Unicode char U+00DC (decimal 220)
   defining Unicode char U+00DD (decimal 221)
   defining Unicode char U+00DE (decimal 222)
   defining Unicode char U+00DF (decimal 223)
   defining Unicode char U+00E0 (decimal 224)
   defining Unicode char U+00E1 (decimal 225)
   defining Unicode char U+00E2 (decimal 226)
   defining Unicode char U+00E3 (decimal 227)
   defining Unicode char U+00E4 (decimal 228)
   defining Unicode char U+00E5 (decimal 229)
   defining Unicode char U+00E6 (decimal 230)
   defining Unicode char U+00E7 (decimal 231)
   defining Unicode char U+00E8 (decimal 232)
   defining Unicode char U+00E9 (decimal 233)
   defining Unicode char U+00EA (decimal 234)
   defining Unicode char U+00EB (decimal 235)
   defining Unicode char U+00EC (decimal 236)
   defining Unicode char U+00ED (decimal 237)
   defining Unicode char U+00EE (decimal 238)
   defining Unicode char U+00EF (decimal 239)
   defining Unicode char U+00F0 (decimal 240)
   defining Unicode char U+00F1 (decimal 241)
   defining Unicode char U+00F2 (decimal 242)
   defining Unicode char U+00F3 (decimal 243)
   defining Unicode char U+00F4 (decimal 244)
   defining Unicode char U+00F5 (decimal 245)
   defining Unicode char U+00F6 (decimal 246)
   defining Unicode char U+00F8 (decimal 248)
   defining Unicode char U+00F9 (decimal 249)
   defining Unicode char U+00FA (decimal 250)
   defining Unicode char U+00FB (decimal 251)
   defining Unicode char U+00FC (decimal 252)
   defining Unicode char U+00FD (decimal 253)
   defining Unicode char U+00FE (decimal 254)
   defining Unicode char U+00FF (decimal 255)
   defining Unicode char U+0102 (decimal 258)
   defining Unicode char U+0103 (decimal 259)
   defining Unicode char U+0104 (decimal 260)
   defining Unicode char U+0105 (decimal 261)
   defining Unicode char U+0106 (decimal 262)
   defining Unicode char U+0107 (decimal 263)
   defining Unicode char U+010C (decimal 268)
   defining Unicode char U+010D (decimal 269)
   defining Unicode char U+010E (decimal 270)
   defining Unicode char U+010F (decimal 271)
   defining Unicode char U+0110 (decimal 272)
   defining Unicode char U+0111 (decimal 273)
   defining Unicode char U+0118 (decimal 280)
   defining Unicode char U+0119 (decimal 281)
   defining Unicode char U+011A (decimal 282)
   defining Unicode char U+011B (decimal 283)
   defining Unicode char U+011E (decimal 286)
   defining Unicode char U+011F (decimal 287)
   defining Unicode char U+0130 (decimal 304)
   defining Unicode char U+0131 (decimal 305)
   defining Unicode char U+0132 (decimal 306)
   defining Unicode char U+0133 (decimal 307)
   defining Unicode char U+0139 (decimal 313)
   defining Unicode char U+013A (decimal 314)
   defining Unicode char U+013D (decimal 317)
   defining Unicode char U+013E (decimal 318)
   defining Unicode char U+0141 (decimal 321)
   defining Unicode char U+0142 (decimal 322)
   defining Unicode char U+0143 (decimal 323)
   defining Unicode char U+0144 (decimal 324)
   defining Unicode char U+0147 (decimal 327)
   defining Unicode char U+0148 (decimal 328)
   defining Unicode char U+014A (decimal 330)
   defining Unicode char U+014B (decimal 331)
   defining Unicode char U+0150 (decimal 336)
   defining Unicode char U+0151 (decimal 337)
   defining Unicode char U+0152 (decimal 338)
   defining Unicode char U+0153 (decimal 339)
   defining Unicode char U+0154 (decimal 340)
   defining Unicode char U+0155 (decimal 341)
   defining Unicode char U+0158 (decimal 344)
   defining Unicode char U+0159 (decimal 345)
   defining Unicode char U+015A (decimal 346)
   defining Unicode char U+015B (decimal 347)
   defining Unicode char U+015E (decimal 350)
   defining Unicode char U+015F (decimal 351)
   defining Unicode char U+0160 (decimal 352)
   defining Unicode char U+0161 (decimal 353)
   defining Unicode char U+0162 (decimal 354)
   defining Unicode char U+0163 (decimal 355)
   defining Unicode char U+0164 (decimal 356)
   defining Unicode char U+0165 (decimal 357)
   defining Unicode char U+016E (decimal 366)
   defining Unicode char U+016F (decimal 367)
   defining Unicode char U+0170 (decimal 368)
   defining Unicode char U+0171 (decimal 369)
   defining Unicode char U+0178 (decimal 376)
   defining Unicode char U+0179 (decimal 377)
   defining Unicode char U+017A (decimal 378)
   defining Unicode char U+017B (decimal 379)
   defining Unicode char U+017C (decimal 380)
   defining Unicode char U+017D (decimal 381)
   defining Unicode char U+017E (decimal 382)
   defining Unicode char U+200C (decimal 8204)
   defining Unicode char U+2013 (decimal 8211)
   defining Unicode char U+2014 (decimal 8212)
   defining Unicode char U+2018 (decimal 8216)
   defining Unicode char U+2019 (decimal 8217)
   defining Unicode char U+201A (decimal 8218)
   defining Unicode char U+201C (decimal 8220)
   defining Unicode char U+201D (decimal 8221)
   defining Unicode char U+201E (decimal 8222)
   defining Unicode char U+2030 (decimal 8240)
   defining Unicode char U+2031 (decimal 8241)
   defining Unicode char U+2039 (decimal 8249)
   defining Unicode char U+203A (decimal 8250)
   defining Unicode char U+2423 (decimal 9251)
)
Now handling font encoding OT1 ...
... processing UTF-8 mapping file for font encoding OT1

(/usr/local/texlive/2015/texmf-dist/tex/latex/base/ot1enc.dfu
File: ot1enc.dfu 2014/09/29 v1.1m UTF-8 support for inputenc
   defining Unicode char U+00A1 (decimal 161)
   defining Unicode char U+00A3 (decimal 163)
   defining Unicode char U+00B8 (decimal 184)
   defining Unicode char U+00BF (decimal 191)
   defining Unicode char U+00C5 (decimal 197)
   defining Unicode char U+00C6 (decimal 198)
   defining Unicode char U+00D8 (decimal 216)
   defining Unicode char U+00DF (decimal 223)
   defining Unicode char U+00E6 (decimal 230)
   defining Unicode char U+00EC (decimal 236)
   defining Unicode char U+00ED (decimal 237)
   defining Unicode char U+00EE (decimal 238)
   defining Unicode char U+00EF (decimal 239)
   defining Unicode char U+00F8 (decimal 248)
   defining Unicode char U+0131 (decimal 305)
   defining Unicode char U+0141 (decimal 321)
   defining Unicode char U+0142 (decimal 322)
   defining Unicode char U+0152 (decimal 338)
   defining Unicode char U+0153 (decimal 339)
   defining Unicode char U+2013 (decimal 8211)
   defining Unicode char U+2014 (decimal 8212)
   defining Unicode char U+2018 (decimal 8216)
   defining Unicode char U+2019 (decimal 8217)
   defining Unicode char U+201C (decimal 8220)
   defining Unicode char U+201D (decimal 8221)
)
Now handling font encoding OMS ...
... processing UTF-8 mapping file for font encoding OMS

(/usr/local/texlive/2015/texmf-dist/tex/latex/base/omsenc.dfu
File: omsenc.dfu 2014/09/29 v1.1m UTF-8 support for inputenc
   defining Unicode char U+00A7 (decimal 167)
   defining Unicode char U+00B6 (decimal 182)
   defining Unicode char U+00B7 (decimal 183)
   defining Unicode char U+2020 (decimal 8224)
   defining Unicode char U+2021 (decimal 8225)
   defining Unicode char U+2022 (decimal 8226)
)
Now handling font encoding OMX ...
... no UTF-8 mapping file for font encoding OMX
Now handling font encoding U ...
... no UTF-8 mapping file for font encoding U
   defining Unicode char U+00A9 (decimal 169)
   defining Unicode char U+00AA (decimal 170)
   defining Unicode char U+00AE (decimal 174)
   defining Unicode char U+00BA (decimal 186)
   defining Unicode char U+02C6 (decimal 710)
   defining Unicode char U+02DC (decimal 732)
   defining Unicode char U+200C (decimal 8204)
   defining Unicode char U+2026 (decimal 8230)
   defining Unicode char U+2122 (decimal 8482)
   defining Unicode char U+2423 (decimal 9251)
))
(/usr/local/texlive/2015/texmf-dist/tex/latex/base/fontenc.sty
Package: fontenc 2005/09/27 v1.99g Standard LaTeX package

(/usr/local/texlive/2015/texmf-dist/tex/latex/base/t1enc.def
File: t1enc.def 2005/09/27 v1.99g Standard LaTeX file
LaTeX Font Info:    Redeclaring font encoding T1 on input line 48.
))
(/usr/local/texlive/2015/texmf-dist/tex/latex/psnfss/palatino.sty
Package: palatino 2005/04/12 PSNFSS-v9.2a (SPQR) 
)
(/usr/local/texlive/2015/texmf-dist/tex/latex/csquotes/csquotes.sty
Package: csquotes 2015/04/15 v5.1e context-sensitive quotations (JAW)
\csq@reset=\count149
\csq@gtype=\count150
\csq@glevel=\count151
\csq@qlevel=\count152
\csq@maxlvl=\count153
\csq@tshold=\count154
\csq@ltx@everypar=\toks21

(/usr/local/texlive/2015/texmf-dist/tex/latex/csquotes/csquotes.def
File: csquotes.def 2015/04/15 v5.1e csquotes generic definitions (JAW)
)
Package csquotes Info: Trying to load configuration file 'csquotes.cfg'...
Package csquotes Info: ... configuration file loaded successfully.

(/usr/local/texlive/2015/texmf-dist/tex/latex/csquotes/csquotes.cfg
File: csquotes.cfg 
)
Package csquotes Info: Enabling multilingual quotes.
)
(/usr/local/texlive/2015/texmf-dist/tex/latex/subfig/subfig.sty
Package: subfig 2005/06/28 ver: 1.3 subfig package
\c@KVtest=\count155
\sf@farskip=\skip60
\sf@captopadj=\dimen181
\sf@capskip=\skip61
\sf@nearskip=\skip62
\c@subfigure=\count156
\c@subfigure@save=\count157
\c@lofdepth=\count158
\c@subtable=\count159
\c@subtable@save=\count160
\c@lotdepth=\count161
\sf@top=\skip63
\sf@bottom=\skip64
)
(/usr/local/texlive/2015/texmf-dist/tex/latex/wrapfig/wrapfig.sty
\wrapoverhang=\dimen182
\WF@size=\dimen183
\c@WF@wrappedlines=\count162
\WF@box=\box52
\WF@everypar=\toks22
Package: wrapfig 2003/01/31  v 3.6
)
(/usr/local/texlive/2015/texmf-dist/tex/latex/graphics/color.sty
Package: color 2014/10/28 v1.1a Standard LaTeX Color (DPC)

(/usr/local/texlive/2015/texmf-dist/tex/latex/latexconfig/color.cfg
File: color.cfg 2007/01/18 v1.5 color configuration of teTeX/TeXLive
)
Package color Info: Driver file: pdftex.def on input line 142.
)
(/usr/local/texlive/2015/texmf-dist/tex/latex/float/float.sty
Package: float 2001/11/08 v1.3d Float enhancements (AL)
\c@float@type=\count163
\float@exts=\toks23
\float@box=\box53
\@float@everytoks=\toks24
\@floatcapt=\box54
)
Package scrhack Info: loading float hack on input line 58.

(/usr/local/texlive/2015/texmf-dist/tex/latex/koma-script/float.hak
File: float.hak 2015/05/06 v3.17a KOMA-Script package (hacking package float)

(/usr/local/texlive/2015/texmf-dist/tex/latex/koma-script/tocbasic.sty
Package: tocbasic 2015/05/06 v3.17a KOMA-Script package (handling toc-files)
)
Package scrhack Info: redefining \newfloat on input line 161.
Package scrhack Info: redefining \listof on input line 161.
Package scrhack Info: undefining \float@addtolists on input line 161.
)
(/usr/local/texlive/2015/texmf-dist/tex/latex/hyperref/hyperref.sty
Package: hyperref 2012/11/06 v6.83m Hypertext links for LaTeX

(/usr/local/texlive/2015/texmf-dist/tex/generic/oberdiek/hobsub-hyperref.sty
Package: hobsub-hyperref 2012/05/28 v1.13 Bundle oberdiek, subset hyperref (HO)


(/usr/local/texlive/2015/texmf-dist/tex/generic/oberdiek/hobsub-generic.sty
Package: hobsub-generic 2012/05/28 v1.13 Bundle oberdiek, subset generic (HO)
Package: hobsub 2012/05/28 v1.13 Construct package bundles (HO)
Package hobsub Info: Skipping package `infwarerr' (already loaded).
Package hobsub Info: Skipping package `ltxcmds' (already loaded).
Package: ifluatex 2010/03/01 v1.3 Provides the ifluatex switch (HO)
Package ifluatex Info: LuaTeX not detected.
Package hobsub Info: Skipping package `ifvtex' (already loaded).
Package: intcalc 2007/09/27 v1.1 Expandable calculations with integers (HO)
Package hobsub Info: Skipping package `ifpdf' (already loaded).
Package: etexcmds 2011/02/16 v1.5 Avoid name clashes with e-TeX commands (HO)
Package etexcmds Info: Could not find \expanded.
(etexcmds)             That can mean that you are not using pdfTeX 1.50 or
(etexcmds)             that some package has redefined \expanded.
(etexcmds)             In the latter case, load this package earlier.
Package: kvsetkeys 2012/04/25 v1.16 Key value parser (HO)
Package: kvdefinekeys 2011/04/07 v1.3 Define keys (HO)
Package: pdftexcmds 2011/11/29 v0.20 Utility functions of pdfTeX for LuaTeX (HO
)
Package pdftexcmds Info: LuaTeX not detected.
Package pdftexcmds Info: \pdf@primitive is available.
Package pdftexcmds Info: \pdf@ifprimitive is available.
Package pdftexcmds Info: \pdfdraftmode found.
Package: pdfescape 2011/11/25 v1.13 Implements pdfTeX's escape features (HO)
Package: bigintcalc 2012/04/08 v1.3 Expandable calculations on big integers (HO
)
Package: bitset 2011/01/30 v1.1 Handle bit-vector datatype (HO)
Package: uniquecounter 2011/01/30 v1.2 Provide unlimited unique counter (HO)
)
Package hobsub Info: Skipping package `hobsub' (already loaded).
Package: letltxmacro 2010/09/02 v1.4 Let assignment for LaTeX macros (HO)
Package: hopatch 2012/05/28 v1.2 Wrapper for package hooks (HO)
Package: xcolor-patch 2011/01/30 xcolor patch
Package: atveryend 2011/06/30 v1.8 Hooks at the very end of document (HO)
Package: atbegshi 2011/10/05 v1.16 At begin shipout hook (HO)
Package: refcount 2011/10/16 v3.4 Data extraction from label references (HO)
Package: hycolor 2011/01/30 v1.7 Color options for hyperref/bookmark (HO)
)
(/usr/local/texlive/2015/texmf-dist/tex/latex/oberdiek/auxhook.sty
Package: auxhook 2011/03/04 v1.3 Hooks for auxiliary files (HO)
)
(/usr/local/texlive/2015/texmf-dist/tex/latex/oberdiek/kvoptions.sty
Package: kvoptions 2011/06/30 v3.11 Key value format for package options (HO)
)
\@linkdim=\dimen184
\Hy@linkcounter=\count164
\Hy@pagecounter=\count165

(/usr/local/texlive/2015/texmf-dist/tex/latex/hyperref/pd1enc.def
File: pd1enc.def 2012/11/06 v6.83m Hyperref: PDFDocEncoding definition (HO)
Now handling font encoding PD1 ...
... no UTF-8 mapping file for font encoding PD1
)
\Hy@SavedSpaceFactor=\count166

(/usr/local/texlive/2015/texmf-dist/tex/latex/latexconfig/hyperref.cfg
File: hyperref.cfg 2002/06/06 v1.2 hyperref configuration of TeXLive
)
Package hyperref Info: Hyper figures OFF on input line 4443.
Package hyperref Info: Link nesting OFF on input line 4448.
Package hyperref Info: Hyper index ON on input line 4451.
Package hyperref Info: Plain pages OFF on input line 4458.
Package hyperref Info: Backreferencing OFF on input line 4463.
Package hyperref Info: Implicit mode ON; LaTeX internals redefined.
Package hyperref Info: Bookmarks ON on input line 4688.
\c@Hy@tempcnt=\count167

(/usr/local/texlive/2015/texmf-dist/tex/latex/url/url.sty
\Urlmuskip=\muskip16
Package: url 2013/09/16  ver 3.4  Verb mode for urls, etc.
)
LaTeX Info: Redefining \url on input line 5041.
\XeTeXLinkMargin=\dimen185
\Fld@menulength=\count168
\Field@Width=\dimen186
\Fld@charsize=\dimen187
Package hyperref Info: Hyper figures OFF on input line 6295.
Package hyperref Info: Link nesting OFF on input line 6300.
Package hyperref Info: Hyper index ON on input line 6303.
Package hyperref Info: backreferencing OFF on input line 6310.
Package hyperref Info: Link coloring OFF on input line 6315.
Package hyperref Info: Link coloring with OCG OFF on input line 6320.
Package hyperref Info: PDF/A mode OFF on input line 6325.
LaTeX Info: Redefining \ref on input line 6365.
LaTeX Info: Redefining \pageref on input line 6369.
\Hy@abspage=\count169
\c@Item=\count170
\c@Hfootnote=\count171
)
Package scrhack Info: hyperref hack deactivated because of
(scrhack)             detection of hyperref version, that doesn't
(scrhack)             need that hack, on input line 59.


Package hyperref Message: Driver (autodetected): hpdftex.

(/usr/local/texlive/2015/texmf-dist/tex/latex/hyperref/hpdftex.def
File: hpdftex.def 2012/11/06 v6.83m Hyperref driver for pdfTeX
\Fld@listcount=\count172
\c@bookmark@seq@number=\count173

(/usr/local/texlive/2015/texmf-dist/tex/latex/oberdiek/rerunfilecheck.sty
Package: rerunfilecheck 2011/04/15 v1.7 Rerun checks for auxiliary files (HO)
Package uniquecounter Info: New unique counter `rerunfilecheck' on input line 2
82.
)
\Hy@SectionHShift=\skip65
)
(/usr/local/texlive/2015/texmf-dist/tex/latex/pdfpages/pdfpages.sty
Package: pdfpages 2015/05/11 v0.4x Insert pages of external PDF documents (AM)

(/usr/local/texlive/2015/texmf-dist/tex/latex/base/ifthen.sty
Package: ifthen 2014/09/29 v1.1c Standard LaTeX ifthen package (DPC)
)
(/usr/local/texlive/2015/texmf-dist/tex/latex/tools/calc.sty
Package: calc 2014/10/28 v4.3 Infix arithmetic (KKT,FJ)
\calc@Acount=\count174
\calc@Bcount=\count175
\calc@Adimen=\dimen188
\calc@Bdimen=\dimen189
\calc@Askip=\skip66
\calc@Bskip=\skip67
LaTeX Info: Redefining \setlength on input line 80.
LaTeX Info: Redefining \addtolength on input line 81.
\calc@Ccount=\count176
\calc@Cskip=\skip68
)
(/usr/local/texlive/2015/texmf-dist/tex/latex/eso-pic/eso-pic.sty
Package: eso-pic 2015/04/20 v2.0e eso-pic (RN)
)
\AM@pagewidth=\dimen190
\AM@pageheight=\dimen191

(/usr/local/texlive/2015/texmf-dist/tex/latex/pdfpages/pppdftex.def
File: pppdftex.def 2015/05/11 v0.4x Pdfpages driver for pdfTeX (AM)
)
\AM@pagebox=\box55
\AM@toc@title=\toks25
\c@AM@survey=\count177
\AM@templatesizebox=\box56
)
Package csquotes Info: Checking for multilingual support...
Package csquotes Info: ... found 'babel' package.

(./main.aux (./Chapters/1/Introduction.aux) (./Chapters/2/Background.aux)
(./Chapters/3/AttractionAttention.aux

LaTeX Warning: Label `fig:observation_env' multiply defined.

) (./Chapters/4/AdvertisementDecision.aux

LaTeX Warning: Label `fig:observation_env' multiply defined.


LaTeX Warning: Label `fig:observation_env' multiply defined.


LaTeX Warning: Label `fig:observation_env' multiply defined.


LaTeX Warning: Label `fig:observation_env' multiply defined.

) (./Chapters/5/AdvertisementLowFi.aux

LaTeX Warning: Label `fig:paper_prototype' multiply defined.

) (./Chapters/6/AdvertisementHighFi.aux)
(./Chapters/7/AdvertisementApplication.aux)
(./Chapters/8/InteractiveNonInteractiveStudy.aux)
(./Chapters/9/InteractiveAdEnhancement.aux) (./Chapters/10/Conclusion.aux)
(./Appendices/Appendix.aux))
\openout1 = `main.aux'.

LaTeX Font Info:    Checking defaults for OML/cmm/m/it on input line 99.
LaTeX Font Info:    ... okay on input line 99.
LaTeX Font Info:    Checking defaults for T1/cmr/m/n on input line 99.
LaTeX Font Info:    ... okay on input line 99.
LaTeX Font Info:    Checking defaults for OT1/cmr/m/n on input line 99.
LaTeX Font Info:    ... okay on input line 99.
LaTeX Font Info:    Checking defaults for OMS/cmsy/m/n on input line 99.
LaTeX Font Info:    ... okay on input line 99.
LaTeX Font Info:    Checking defaults for OMX/cmex/m/n on input line 99.
LaTeX Font Info:    ... okay on input line 99.
LaTeX Font Info:    Checking defaults for U/cmr/m/n on input line 99.
LaTeX Font Info:    ... okay on input line 99.
LaTeX Font Info:    Checking defaults for PD1/pdf/m/n on input line 99.
LaTeX Font Info:    ... okay on input line 99.
LaTeX Font Info:    Try loading font information for T1+ppl on input line 99.

(/usr/local/texlive/2015/texmf-dist/tex/latex/psnfss/t1ppl.fd
File: t1ppl.fd 2001/06/04 font definitions for T1/ppl.
)
Now handling font encoding TS1 ...
... processing UTF-8 mapping file for font encoding TS1

(/usr/local/texlive/2015/texmf-dist/tex/latex/base/ts1enc.dfu
File: ts1enc.dfu 2014/09/29 v1.1m UTF-8 support for inputenc
   defining Unicode char U+00A2 (decimal 162)
   defining Unicode char U+00A3 (decimal 163)
   defining Unicode char U+00A4 (decimal 164)
   defining Unicode char U+00A5 (decimal 165)
   defining Unicode char U+00A6 (decimal 166)
   defining Unicode char U+00A7 (decimal 167)
   defining Unicode char U+00A8 (decimal 168)
   defining Unicode char U+00A9 (decimal 169)
   defining Unicode char U+00AA (decimal 170)
   defining Unicode char U+00AC (decimal 172)
   defining Unicode char U+00AE (decimal 174)
   defining Unicode char U+00AF (decimal 175)
   defining Unicode char U+00B0 (decimal 176)
   defining Unicode char U+00B1 (decimal 177)
   defining Unicode char U+00B2 (decimal 178)
   defining Unicode char U+00B3 (decimal 179)
   defining Unicode char U+00B4 (decimal 180)
   defining Unicode char U+00B5 (decimal 181)
   defining Unicode char U+00B6 (decimal 182)
   defining Unicode char U+00B7 (decimal 183)
   defining Unicode char U+00B9 (decimal 185)
   defining Unicode char U+00BA (decimal 186)
   defining Unicode char U+00BC (decimal 188)
   defining Unicode char U+00BD (decimal 189)
   defining Unicode char U+00BE (decimal 190)
   defining Unicode char U+00D7 (decimal 215)
   defining Unicode char U+00F7 (decimal 247)
   defining Unicode char U+0192 (decimal 402)
   defining Unicode char U+02C7 (decimal 711)
   defining Unicode char U+02D8 (decimal 728)
   defining Unicode char U+02DD (decimal 733)
   defining Unicode char U+0E3F (decimal 3647)
   defining Unicode char U+2016 (decimal 8214)
   defining Unicode char U+2020 (decimal 8224)
   defining Unicode char U+2021 (decimal 8225)
   defining Unicode char U+2022 (decimal 8226)
   defining Unicode char U+2030 (decimal 8240)
   defining Unicode char U+2031 (decimal 8241)
   defining Unicode char U+203B (decimal 8251)
   defining Unicode char U+203D (decimal 8253)
   defining Unicode char U+2044 (decimal 8260)
   defining Unicode char U+204E (decimal 8270)
   defining Unicode char U+2052 (decimal 8274)
   defining Unicode char U+20A1 (decimal 8353)
   defining Unicode char U+20A4 (decimal 8356)
   defining Unicode char U+20A6 (decimal 8358)
   defining Unicode char U+20A9 (decimal 8361)
   defining Unicode char U+20AB (decimal 8363)
   defining Unicode char U+20AC (decimal 8364)
   defining Unicode char U+20B1 (decimal 8369)
   defining Unicode char U+2103 (decimal 8451)
   defining Unicode char U+2116 (decimal 8470)
   defining Unicode char U+2117 (decimal 8471)
   defining Unicode char U+211E (decimal 8478)
   defining Unicode char U+2120 (decimal 8480)
   defining Unicode char U+2122 (decimal 8482)
   defining Unicode char U+2126 (decimal 8486)
   defining Unicode char U+2127 (decimal 8487)
   defining Unicode char U+212E (decimal 8494)
   defining Unicode char U+2190 (decimal 8592)
   defining Unicode char U+2191 (decimal 8593)
   defining Unicode char U+2192 (decimal 8594)
   defining Unicode char U+2193 (decimal 8595)
   defining Unicode char U+2329 (decimal 9001)
   defining Unicode char U+232A (decimal 9002)
   defining Unicode char U+2422 (decimal 9250)
   defining Unicode char U+25E6 (decimal 9702)
   defining Unicode char U+25EF (decimal 9711)
   defining Unicode char U+266A (decimal 9834)
)
(/usr/local/texlive/2015/texmf-dist/tex/latex/beamer/translator/dicts/translato
r-basic-dictionary/translator-basic-dictionary-English.dict
Dictionary: translator-basic-dictionary, Language: English 
)
(/usr/local/texlive/2015/texmf-dist/tex/latex/siunitx/siunitx-abbreviations.cfg
File: siunitx-abbreviations.cfg 2015/01/21 v2.6e siunitx: Abbreviated units
) (/usr/local/texlive/2015/texmf-dist/tex/context/base/supp-pdf.mkii
[Loading MPS to PDF converter (version 2006.09.02).]
\scratchcounter=\count178
\scratchdimen=\dimen192
\scratchbox=\box57
\nofMPsegments=\count179
\nofMParguments=\count180
\everyMPshowfont=\toks26
\MPscratchCnt=\count181
\MPscratchDim=\dimen193
\MPnumerator=\count182
\makeMPintoPDFobject=\count183
\everyMPtoPDFconversion=\toks27
) (/usr/local/texlive/2015/texmf-dist/tex/latex/oberdiek/epstopdf-base.sty
Package: epstopdf-base 2010/02/09 v2.5 Base part for package epstopdf

(/usr/local/texlive/2015/texmf-dist/tex/latex/oberdiek/grfext.sty
Package: grfext 2010/08/19 v1.1 Manage graphics extensions (HO)
)
Package grfext Info: Graphics extension search list:
(grfext)             [.png,.pdf,.jpg,.mps,.jpeg,.jbig2,.jb2,.PNG,.PDF,.JPG,.JPE
G,.JBIG2,.JB2,.eps]
(grfext)             \AppendGraphicsExtensions on input line 452.

(/usr/local/texlive/2015/texmf-dist/tex/latex/latexconfig/epstopdf-sys.cfg
File: epstopdf-sys.cfg 2010/07/13 v1.3 Configuration of (r)epstopdf for TeX Liv
e
))
Package caption Info: Begin \AtBeginDocument code.
Package caption Info: subfig package v1.3 is loaded.
Package caption Info: float package is loaded.
Package caption Info: hyperref package is loaded.
Package caption Info: wrapfig package is loaded.
Package caption Info: End \AtBeginDocument code.

*geometry* driver: auto-detecting
*geometry* detected driver: pdftex
*geometry* verbose mode - [ preamble ] result:
* driver: pdftex
* paper: a4paper
* layout: <same size as paper>
* layoutoffset:(h,v)=(0.0pt,0.0pt)
* bindingoffset: 56.9055pt
* modes: includehead includefoot twoside 
* h-part:(L,W,R)=(71.13188pt, 361.34995pt, 108.12054pt)
* v-part:(T,H,B)=(42.67912pt, 759.6886pt, 42.67912pt)
* \paperwidth=597.50787pt
* \paperheight=845.04684pt
* \textwidth=361.34995pt
* \textheight=689.15318pt
* \oddsidemargin=55.7674pt
* \evensidemargin=35.85056pt
* \topmargin=-29.59087pt
* \headheight=20.66162pt
* \headsep=19.8738pt
* \topskip=12.0pt
* \footskip=30.0pt
* \marginparwidth=98.0pt
* \marginparsep=7.0pt
* \columnsep=10.0pt
* \skip\footins=10.8pt plus 4.0pt minus 2.0pt
* \hoffset=0.0pt
* \voffset=0.0pt
* \mag=1000
* \@twocolumnfalse
* \@twosidetrue
* \@mparswitchtrue
* \@reversemarginfalse
* (1in=72.27pt=25.4mm, 1cm=28.453pt)

Package scrlayer Info: Setting magic \footheight to \baselineskip while
(scrlayer)             \begin{document} on input line 99.
Package scrbase Info: activating english \authorshipname on input line 99.
Package scrbase Info: activating english \byname on input line 99.
Package scrbase Info: activating english \abbrevname on input line 99.
Package scrbase Info: activating english \constantsname on input line 99.
Package scrbase Info: activating english \symbolsname on input line 99.
Package scrbase Info: activating english \acknowledgementname on input line 99.

\AtBeginShipoutBox=\box58
Package hyperref Info: Link coloring OFF on input line 99.
(/usr/local/texlive/2015/texmf-dist/tex/latex/hyperref/nameref.sty
Package: nameref 2012/10/27 v2.43 Cross-referencing by name of section

(/usr/local/texlive/2015/texmf-dist/tex/generic/oberdiek/gettitlestring.sty
Package: gettitlestring 2010/12/03 v1.4 Cleanup title references (HO)
)
\c@section@level=\count184
)
LaTeX Info: Redefining \ref on input line 99.
LaTeX Info: Redefining \pageref on input line 99.
LaTeX Info: Redefining \nameref on input line 99.

(./main.out) (./main.out)
\@outlinefile=\write3
\openout3 = `main.out'.

\c__siunitx_mathsf_int=\count185
LaTeX Font Info:    External font `cmex10' loaded for size
(Font)              <12> on input line 99.
LaTeX Font Info:    External font `cmex10' loaded for size
(Font)              <8> on input line 99.
LaTeX Font Info:    External font `cmex10' loaded for size
(Font)              <6> on input line 99.
\c__siunitx_mathtt_int=\count186

1: section
LaTeX Font Info:    Font shape `T1/ppl/bx/n' in size <24.88> not available
(Font)              Font shape `T1/ppl/b/n' tried instead on input line 116.
[1



{/usr/local/texlive/2015/texmf-var/fonts/map/pdftex/updmap/pdftex.map}]
[2

]
--------------------
 Declaration of Authorship
--------------------
LaTeX Font Info:    Try loading font information for OMS+ppl on input line 153.

(/usr/local/texlive/2015/texmf-dist/tex/latex/psnfss/omsppl.fd
File: omsppl.fd 
)
LaTeX Font Info:    Font shape `OMS/ppl/m/n' in size <12> not available
(Font)              Font shape `OMS/cmsy/m/n' tried instead on input line 153.

Underfull \hbox (badness 10000) in paragraph at lines 158--159

 []

1: section
[3] [4

] [5] [6

]
--------------------
 Abstract
--------------------
LaTeX Font Info:    Font shape `T1/ppl/bx/n' in size <12> not available
(Font)              Font shape `T1/ppl/b/n' tried instead on input line 184.
1: section
[7] [8

]
--------------------
 Acknowledgements
--------------------
1: section
[9] [10

] (./main.toc
1: section
[11] [12] [13] [14])
\tf@toc=\write4
\openout4 = `main.toc'.

 [15] [16

] (./main.lof
Overfull \hbox (5.2235pt too wide) in paragraph at lines 10--10
 [][] [][]\T1/ppl/m/n/12 A: Mensa ground floor. B: Kas-se-turm Ad-ver-tis-ing m
on- 
 []

)
\tf@lof=\write5
\openout5 = `main.lof'.


1: section
[17] [18

] (./main.lot)
\tf@lot=\write6
\openout6 = `main.lot'.


1: section
[19] [20

]
1: section
[21] [22

]pdfTeX warning (ext4): destination with the same identifier (name{table.0.1}) 
has been already used, duplicate ignored
<to be read again> 
                   \relax 
l.234 \end{constants}
                     
1: section
[23] [24

]pdfTeX warning (ext4): destination with the same identifier (name{table.0.1}) 
has been already used, duplicate ignored
<to be read again> 
                   \relax 
l.250 \end{symbols}
                   
1: section
[25] [26

]
--------------------
 Dedicatory
--------------------
1: section
[27] [28

]
1: section
\openout2 = `Chapters/1/Introduction.aux'.

(./Chapters/1/Introduction.tex
Chapter 1.

Overfull \hbox (11.18648pt too wide) in paragraph at lines 24--26
\T1/ppl/m/n/12 ing day-by-day like Kinect Cam-era [17], could be used to al-low
 passers-
 []


Overfull \hbox (0.68571pt too wide) in paragraph at lines 24--26
\T1/ppl/m/n/12 novel in-ter-ac-tions and en-gage-ment tech-niques to pro-vide t
o the users
 []

1: section
[1


]
LaTeX Font Info:    Font shape `T1/ppl/bx/n' in size <17.28> not available
(Font)              Font shape `T1/ppl/b/n' tried instead on input line 27.

Overfull \hbox (2.91484pt too wide) in paragraph at lines 39--40
[]\T1/ppl/m/n/12 Additionally, con-duct a com-par-a-tive study on ad-ver-tise-m
ents that
 []

LaTeX Font Info:    Font shape `T1/ppl/bx/n' in size <14.4> not available
(Font)              Font shape `T1/ppl/b/n' tried instead on input line 46.
LaTeX Font Info:    Try loading font information for T1+pcr on input line 56.
(/usr/local/texlive/2015/texmf-dist/tex/latex/psnfss/t1pcr.fd
File: t1pcr.fd 2001/06/04 font definitions for T1/pcr.
)
LaTeX Font Info:    Font shape `T1/pcr/bx/n' in size <12> not available
(Font)              Font shape `T1/pcr/b/n' tried instead on input line 56.
 [2]) [3]
\openout2 = `Chapters/2/Background.aux'.


(./Chapters/2/Background.tex [4



]
Chapter 2.
1: section
[5] <Figures/3/TheAudienceFunnel.png, id=1203, 821.0675pt x 319.1925pt>
File: Figures/3/TheAudienceFunnel.png Graphic file (type png)

<use Figures/3/TheAudienceFunnel.png>
Package pdftex.def Info: Figures/3/TheAudienceFunnel.png used on input line 31.

(pdftex.def)             Requested size: 341.42574pt x 199.16849pt.
) [6 <./Figures/3/TheAudienceFunnel.png>]
\openout2 = `Chapters/3/AttractionAttention.aux'.


(./Chapters/3/AttractionAttention.tex
Chapter 3.
1: section
[7



]
Overfull \hbox (8.67513pt too wide) in paragraph at lines 20--21
[]\T1/ppl/m/n/12 The ap-pear-ance of ob-jects sud-denly or mov-ing ob-jects on 
the screen
 []


Overfull \hbox (22.29869pt too wide) in paragraph at lines 20--21
\T1/ppl/m/n/12 was markedly en-hanced when the tar-get was pre-sented as an abr
uptly[[]].
 []


LaTeX Warning: Citation `glance' on page 8 undefined on input line 27.

[8]
Overfull \hbox (22.26161pt too wide) in paragraph at lines 36--37
\T1/ppl/m/n/12 of body like Mir-rored (1) ``\T1/ppl/m/it/12 user sil-hou-ettes\
T1/ppl/m/n/12 '', (2) ``\T1/ppl/m/it/12 avatar-like\T1/ppl/m/n/12 ''representat
ions
 []

<Figures/3/eyes.png, id=1233, 1927.2pt x 1084.05pt>
File: Figures/3/eyes.png Graphic file (type png)
 <use Figures/3/eyes.png>
Package pdftex.def Info: Figures/3/eyes.png used on input line 40.
(pdftex.def)             Requested size: 142.24004pt x 113.80379pt.

<Figures/3/fireworks.png, id=1234, 1927.2pt x 1084.05pt>
File: Figures/3/fireworks.png Graphic file (type png)

<use Figures/3/fireworks.png>
Package pdftex.def Info: Figures/3/fireworks.png used on input line 42.
(pdftex.def)             Requested size: 142.24004pt x 113.80379pt.

<Figures/3/silhouttee.png, id=1235, 1927.2pt x 1084.05pt>
File: Figures/3/silhouttee.png Graphic file (type png)

<use Figures/3/silhouttee.png>
Package pdftex.def Info: Figures/3/silhouttee.png used on input line 50.
(pdftex.def)             Requested size: 142.24004pt x 113.80379pt.
 [9 <./Figures/3/eyes.png> <./Figures/3/fireworks.png>] [10 <./Figures/3/silhou
ttee.png>]
<Figures/3/Kasseturm_monitor.png, id=1251, 208.1376pt x 156.1032pt>
File: Figures/3/Kasseturm_monitor.png Graphic file (type png)

<use Figures/3/Kasseturm_monitor.png>
Package pdftex.def Info: Figures/3/Kasseturm_monitor.png used on input line 95.

(pdftex.def)             Requested size: 170.71652pt x 128.04355pt.

<Figures/3/mensa_setup.jpg, id=1252, 772.8875pt x 509.905pt>
File: Figures/3/mensa_setup.jpg Graphic file (type jpg)

<use Figures/3/mensa_setup.jpg>
Package pdftex.def Info: Figures/3/mensa_setup.jpg used on input line 97.
(pdftex.def)             Requested size: 170.71652pt x 112.62292pt.
 [11 <./Figures/3/Kasseturm_monitor.png> <./Figures/3/mensa_setup.jpg>] <Figure
s/3/hamid.png, id=1261, 226.446pt x 162.8484pt>
File: Figures/3/hamid.png Graphic file (type png)

<use Figures/3/hamid.png>
Package pdftex.def Info: Figures/3/hamid.png used on input line 110.
(pdftex.def)             Requested size: 170.72208pt x 113.8117pt.

<Figures/3/observer.png, id=1262, 208.1376pt x 162.8484pt>
File: Figures/3/observer.png Graphic file (type png)

<use Figures/3/observer.png>
Package pdftex.def Info: Figures/3/observer.png used on input line 112.
(pdftex.def)             Requested size: 170.72475pt x 113.8117pt.
 [12 <./Figures/3/hamid.png> <./Figures/3/observer.png>]
Underfull \hbox (badness 10000) in paragraph at lines 164--167

 []


Underfull \hbox (badness 10000) in paragraph at lines 168--169

 []

[13]
Overfull \hbox (9.90097pt too wide) in paragraph at lines 170--171
\T1/ppl/m/n/12 un-der-stand-able; ?the ad-ver-tise-ment should be clear too. ?,
 ?when
 []


Underfull \hbox (badness 10000) in paragraph at lines 170--171

 []


Underfull \hbox (badness 10000) in paragraph at lines 172--173

 []

[14]
Underfull \hbox (badness 10000) in paragraph at lines 191--193

 []

[15]
Overfull \hbox (4.77751pt too wide) in paragraph at lines 221--223
\T1/ppl/m/n/12 Long last-ing ad-ver-tise-ment are al-ways bor-ing and waste of 
time,
 []


Overfull \hbox (16.51286pt too wide) in paragraph at lines 224--226
\T1/ppl/m/n/12 like lo-ca-tion, Con-fus-ing ad-ver-tise-ment, Con-tro-ver-sial 
ads, amount
 []

) [16] [17]
\openout2 = `Chapters/4/AdvertisementDecision.aux'.

 (./Chapters/4/AdvertisementDecision.tex [18



]
Chapter 4.

Overfull \hbox (7.61914pt too wide) in paragraph at lines 15--16
[]\T1/ppl/m/n/12 Focus group was con-ducted to get more de-tailed in-for-ma-tio
n about
 []

1: section
[19] <Figures/4/focus_group.png, id=1316, 172.0026pt x 115.1502pt>
File: Figures/4/focus_group.png Graphic file (type png)

<use Figures/4/focus_group.png>
Package pdftex.def Info: Figures/4/focus_group.png used on input line 39.
(pdftex.def)             Requested size: 142.26344pt x 113.81104pt.

Overfull \hbox (4.43492pt too wide) in paragraph at lines 39--40
 [][] 
 []


Underfull \hbox (badness 1383) in paragraph at lines 40--40
 []\T1/ppl/m/sc/10.95 Figure 4.1: |\T1/ppl/m/n/10.95 Fo-cus group 
 []

<Figures/4/meeting_room.png, id=1317, 172.0026pt x 117.0774pt>
File: Figures/4/meeting_room.png Graphic file (type png)

<use Figures/4/meeting_room.png>
Package pdftex.def Info: Figures/4/meeting_room.png used on input line 51.
(pdftex.def)             Requested size: 142.26344pt x 113.81682pt.

Overfull \hbox (4.43492pt too wide) in paragraph at lines 51--52
 [][] 
 []

[20 <./Figures/4/focus_group.png>]
Underfull \hbox (badness 4193) in paragraph at lines 60--61
\T1/ppl/m/n/12 Participants were warmly wel-comed
 []


Overfull \hbox (8.79448pt too wide) in paragraph at lines 62--63
[]\T1/ppl/m/n/12 Brief in-tro-duc-tion on ad-ver-tise-ment and in-ter-ac-tive a
d-ver-tise-ments
 []

[21 <./Figures/4/meeting_room.png>]
<Figures/4/drawings.png, id=1342, 198.9834pt x 151.767pt>
File: Figures/4/drawings.png Graphic file (type png)

<use Figures/4/drawings.png>
Package pdftex.def Info: Figures/4/drawings.png used on input line 91.
(pdftex.def)             Requested size: 170.71652pt x 130.216pt.

<Figures/4/discussions.png, id=1343, 198.9834pt x 149.8398pt>
File: Figures/4/discussions.png Graphic file (type png)

<use Figures/4/discussions.png>
Package pdftex.def Info: Figures/4/discussions.png used on input line 93.
(pdftex.def)             Requested size: 170.71652pt x 128.56247pt.

<Figures/4/notes.png, id=1344, 217.2918pt x 161.8848pt>
File: Figures/4/notes.png Graphic file (type png)

<use Figures/4/notes.png>
Package pdftex.def Info: Figures/4/notes.png used on input line 101.
(pdftex.def)             Requested size: 170.71652pt x 127.191pt.
 [22 <./Figures/4/drawings.png> <./Figures/4/discussions.png> <./Figures/4/note
s.png>]
Overfull \hbox (0.89111pt too wide) in paragraph at lines 114--115
\T1/ppl/m/n/12 more and come up with some more ideas and at the same time shoul
d
 []


Overfull \hbox (12.61276pt too wide) in paragraph at lines 119--120
[]\T1/ppl/m/n/12 Short mo-ti-va-tional video of in-ter-ac-tive ad-ver-tise-ment
 was shown. 
 []


Overfull \hbox (1.6454pt too wide) in paragraph at lines 120--121
[]\T1/ppl/m/n/12 Two pa-per pro-to-types that are men-tioned above (Bauhaus che
ss
 []

[23] <Figures/4/map.png, id=1374, 214.8828pt x 163.3302pt>
File: Figures/4/map.png Graphic file (type png)

<use Figures/4/map.png>
Package pdftex.def Info: Figures/4/map.png used on input line 134.
(pdftex.def)             Requested size: 170.71652pt x 129.76215pt.

<Figures/4/chess.png, id=1375, 225.9642pt x 163.3302pt>
File: Figures/4/chess.png Graphic file (type png)

<use Figures/4/chess.png>
Package pdftex.def Info: Figures/4/chess.png used on input line 136.
(pdftex.def)             Requested size: 170.71652pt x 123.40201pt.

<Figures/4/show_map.png, id=1376, 216.81pt x 165.2574pt>
File: Figures/4/show_map.png Graphic file (type png)

<use Figures/4/show_map.png>
Package pdftex.def Info: Figures/4/show_map.png used on input line 145.
(pdftex.def)             Requested size: 170.71652pt x 130.13078pt.

<Figures/4/tell_map.png, id=1377, 224.037pt x 165.7392pt>
File: Figures/4/tell_map.png Graphic file (type png)

<use Figures/4/tell_map.png>
Package pdftex.def Info: Figures/4/tell_map.png used on input line 147.
(pdftex.def)             Requested size: 170.71652pt x 126.29437pt.
 [24 <./Figures/4/map.png> <./Figures/4/chess.png> <./Figures/4/show_map.png> <
./Figures/4/tell_map.png>]
Overfull \hbox (2.28131pt too wide) in paragraph at lines 173--174
[]\T1/ppl/m/n/12 Participants were asked to draw sketches and write on the give
n
 []


Overfull \hbox (11.15097pt too wide) in paragraph at lines 187--188
\T1/ppl/m/n/12 ism and de-sign and each of them could show var-i-ous as-pect of
 Bauhaus
 []


Overfull \hbox (4.21382pt too wide) in paragraph at lines 196--198
[]\T1/ppl/m/n/12 Print Bauhaus Walk pro-gram are ad-ver-tised in fly-ers and le
aflets
 []

[25] <Figures/4/target_group.png, id=1395, 272.217pt x 169.5936pt>
File: Figures/4/target_group.png Graphic file (type png)

<use Figures/4/target_group.png>
Package pdftex.def Info: Figures/4/target_group.png used on input line 224.
(pdftex.def)             Requested size: 170.71652pt x 106.3606pt.
 [26 <./Figures/4/target_group.png>] [27]
[28]
Overfull \hbox (4.76698pt too wide) in paragraph at lines 333--334
[]\T1/ppl/m/n/12 Very dif-fi-cult to un-der-stand by peo-ple who have not playe
d
 []

[29]
Overfull \hbox (0.76799pt too wide) in paragraph at lines 368--369
[]\T1/ppl/m/n/12 Giving op-por-tu-nity for mul-tiusers to play in-ter-ac-tive g
ame, like
 []


Overfull \hbox (15.36234pt too wide) in paragraph at lines 370--371
[]\T1/ppl/m/n/12 Showing funny map, which was made many years back of Weimar
 []

) [30]
\openout2 = `Chapters/5/AdvertisementLowFi.aux'.

 (./Chapters/5/AdvertisementLowFi.tex
Chapter 5.

Overfull \hbox (7.91042pt too wide) in paragraph at lines 14--15
\T1/ppl/m/n/12 and non-functional re-quire-ments and what sys-tem re-quire-ment
 would
 []


Overfull \hbox (4.88496pt too wide) in paragraph at lines 31--33
\T1/ppl/m/n/12 This is a very im-por-tant re-quire-ment that should be wisely d
one.
 []

1: section
[31



]
Overfull \hbox (4.8605pt too wide) in paragraph at lines 37--39
\T1/ppl/m/n/12 peo-ple de-tec-tion, Ac-cess point should be run-ning so that it
 could
 []


Overfull \hbox (2.6779pt too wide) in paragraph at lines 59--60
\T1/ppl/m/n/12 Bauhaus-Walk in-ter-ac-tive ad-ver-tise-ment con-sist of two el-
e-ments, first
 []


Overfull \hbox (8.90288pt too wide) in paragraph at lines 61--62
[]\T1/ppl/m/n/12 Actual ad-ver-tise-ment screen pa-per pro-to-type would be mad
e along
 []

<Figures/5/paper_board.png, id=1442, 244.2726pt x 163.3302pt>
File: Figures/5/paper_board.png Graphic file (type png)

<use Figures/5/paper_board.png>
Package pdftex.def Info: Figures/5/paper_board.png used on input line 66.
(pdftex.def)             Requested size: 170.71756pt x 113.81197pt.

<Figures/5/mobile_paper.png, id=1443, 309.3156pt x 153.6942pt>
File: Figures/5/mobile_paper.png Graphic file (type png)

<use Figures/5/mobile_paper.png>
Package pdftex.def Info: Figures/5/mobile_paper.png used on input line 68.
(pdftex.def)             Requested size: 170.71407pt x 113.81398pt.
 [32]
<Figures/5/body_interaction.png, id=1452, 216.81pt x 144.54pt>
File: Figures/5/body_interaction.png Graphic file (type png)

<use Figures/5/body_interaction.png>
Package pdftex.def Info: Figures/5/body_interaction.png used on input line 83.
(pdftex.def)             Requested size: 170.72554pt x 113.8104pt.

<Figures/5/mobile_interactions.png, id=1453, 199.4652pt x 144.54pt>
File: Figures/5/mobile_interactions.png Graphic file (type png)

<use Figures/5/mobile_interactions.png>
Package pdftex.def Info: Figures/5/mobile_interactions.png used on input line 8
5.
(pdftex.def)             Requested size: 170.72408pt x 113.8104pt.
 [33 <./Figures/5/paper_board.png> <./Figures/5/mobile_paper.png> <./Figures/5/
body_interaction.png> <./Figures/5/mobile_interactions.png>] [34]
Overfull \hbox (9.08586pt too wide) in paragraph at lines 147--148
\T1/ppl/m/n/12 par-tic-i-pants could not per-form a task then they were asked e
x-ploratory
 []

<Figures/5/interview_pic.png, id=1476, 252.945pt x 158.5122pt>
File: Figures/5/interview_pic.png Graphic file (type png)

<use Figures/5/interview_pic.png>
Package pdftex.def Info: Figures/5/interview_pic.png used on input line 159.
(pdftex.def)             Requested size: 170.71892pt x 113.81184pt.
 [35 <./Figures/5/interview_pic.png>]
Overfull \hbox (32.7742pt too wide) in paragraph at lines 178--179
\T1/ppl/m/n/12 which con-fu-sion, frus-tra-tion and mis-un-der-stand-ings event
s were recorded. 
 []


Underfull \hbox (badness 10000) in paragraph at lines 201--203

 []

[36]
Overfull \hbox (1.65787pt too wide) in paragraph at lines 227--230
\T1/ppl/m/n/12 they were only shown the dis-play and were asked to re-act based

 []


Overfull \hbox (9.57692pt too wide) in paragraph at lines 235--238
\T1/ppl/m/n/12 fill-ing the form like, what hap-pens when can-cel but-ton is pr
essed,
 []

[37]
Overfull \hbox (7.47781pt too wide) in paragraph at lines 264--265
\T1/ppl/m/n/12 ful to un-der-stand pos-si-ble de-sign prob-lems and in-ter-ac-t
ions that could
 []

[38]) [39]
\openout2 = `Chapters/6/AdvertisementHighFi.aux'.

 (./Chapters/6/AdvertisementHighFi.tex [40



]
Chapter 6.
1: section
[41]
Overfull \hbox (2.90472pt too wide) in paragraph at lines 42--43
[]\T1/ppl/m/n/12 Do par-tic-i-pants un-der-stand about the con-tent of ad-ver-t
ise-ment? 
 []


Overfull \hbox (2.02904pt too wide) in paragraph at lines 43--44
[]\T1/ppl/m/n/12 How many el-e-ments of dis-play can par-tic-i-pants re-call af
-ter their
 []

[42]
Overfull \hbox (1.5265pt too wide) in paragraph at lines 88--89
\T1/ppl/m/n/12 cam-era are two sep-a-rate tech-nolo-gies that is very hard to k
now which
 []

[43] [44] <Figures/6/mobile_performance.png, id=1533, 415.7934pt x 209.1012pt>
File: Figures/6/mobile_performance.png Graphic file (type png)

<use Figures/6/mobile_performance.png>
Package pdftex.def Info: Figures/6/mobile_performance.png used on input line 14
6.
(pdftex.def)             Requested size: 341.44131pt x 227.62862pt.

<Figures/6/mobile_average.png, id=1534, 406.6392pt x 189.8292pt>
File: Figures/6/mobile_average.png Graphic file (type png)

<use Figures/6/mobile_average.png>
Package pdftex.def Info: Figures/6/mobile_average.png used on input line 154.
(pdftex.def)             Requested size: 341.4381pt x 227.62009pt.
 [45 <./Figures/6/mobile_performance.png>]
<Figures/6/mobile_mean.png, id=1541, 365.2044pt x 226.9278pt>
File: Figures/6/mobile_mean.png Graphic file (type png)

<use Figures/6/mobile_mean.png>
Package pdftex.def Info: Figures/6/mobile_mean.png used on input line 164.
(pdftex.def)             Requested size: 341.44766pt x 170.71828pt.
 [46 <./Figures/6/mobile_average.png> <./Figures/6/mobile_mean.png>]
<Figures/6/body_performance.png, id=1548, 397.485pt x 209.1012pt>
File: Figures/6/body_performance.png Graphic file (type png)

<use Figures/6/body_performance.png>
Package pdftex.def Info: Figures/6/body_performance.png used on input line 176.

(pdftex.def)             Requested size: 341.44226pt x 227.62862pt.

<Figures/6/body_average.png, id=1549, 424.9476pt x 207.6558pt>
File: Figures/6/body_average.png Graphic file (type png)

<use Figures/6/body_average.png>
Package pdftex.def Info: Figures/6/body_average.png used on input line 183.
(pdftex.def)             Requested size: 341.43692pt x 227.63628pt.
 [47 <./Figures/6/body_performance.png> <./Figures/6/body_average.png>]
<Figures/6/body_mean.png, id=1556, 374.8404pt x 242.3454pt>
File: Figures/6/body_mean.png Graphic file (type png)

<use Figures/6/body_mean.png>
Package pdftex.def Info: Figures/6/body_mean.png used on input line 192.
(pdftex.def)             Requested size: 341.45418pt x 170.7167pt.

<Figures/6/mobile_body_performance.png, id=1557, 476.0184pt x 158.994pt>
File: Figures/6/mobile_body_performance.png Graphic file (type png)

<use Figures/6/mobile_body_performance.png>
Package pdftex.def Info: Figures/6/mobile_body_performance.png used on input li
ne 205.
(pdftex.def)             Requested size: 341.44008pt x 170.72598pt.
 [48 <./Figures/6/body_mean.png> <./Figures/6/mobile_body_performance.png>]
<Figures/6/mobile_body_aspect.png, id=1564, 416.757pt x 209.1012pt>
File: Figures/6/mobile_body_aspect.png Graphic file (type png)

<use Figures/6/mobile_body_aspect.png>
Package pdftex.def Info: Figures/6/mobile_body_aspect.png used on input line 21
4.
(pdftex.def)             Requested size: 341.43771pt x 170.72066pt.
 [49 <./Figures/6/mobile_body_aspect.png>]
Overfull \hbox (3.87878pt too wide) in paragraph at lines 232--233
[]\T1/ppl/m/n/12 IP ad-dress was com-pli-cated and took time to type in phone. 

 []


Overfull \hbox (6.5064pt too wide) in paragraph at lines 238--239
[]\T1/ppl/m/n/12 Participants did not ex-pect at the be-gin-ning that they woul
d
 []

[50]
Overfull \hbox (12.4094pt too wide) in paragraph at lines 290--291
\T1/ppl/m/n/12 The cri-te-ria for re-call-ing the ad-ver-tise-ment was that par
-tic-i-pants should
 []


Overfull \hbox (1.29659pt too wide) in paragraph at lines 296--298
\T1/ppl/m/n/12 Therefor to find out this, when all par-tic-i-pants ex-pe-ri-enc
ed with
 []


Overfull \hbox (3.58926pt too wide) in paragraph at lines 296--298
\T1/ppl/m/n/12 the goal, the rea-son be-hind that was ad-ver-tise-ment video, w
hich
 []

[51] <Figures/6/word_recall.png, id=1605, 408.0846pt x 164.2938pt>
File: Figures/6/word_recall.png Graphic file (type png)

<use Figures/6/word_recall.png>
Package pdftex.def Info: Figures/6/word_recall.png used on input line 304.
(pdftex.def)             Requested size: 341.44994pt x 170.72864pt.

<Figures/6/wordle.png, id=1606, 415.7934pt x 265.9536pt>
File: Figures/6/wordle.png Graphic file (type png)

<use Figures/6/wordle.png>
Package pdftex.def Info: Figures/6/wordle.png used on input line 316.
(pdftex.def)             Requested size: 341.44131pt x 227.63211pt.

Overfull \hbox (0.80595pt too wide) in paragraph at lines 321--322
\T1/ppl/m/n/12 names that par-tic-i-pants in-ter-acted with are re-called a lot
 like Bauhaus
 []

[52 <./Figures/6/word_recall.png> <./Figures/6/wordle.png>]
Overfull \hbox (7.39244pt too wide) in paragraph at lines 332--334
\T1/ppl/m/n/12 be able to re-call the ad-ver-tise-ment, one of the par-tic-i-pa
nts replied
 []

[53]
Overfull \hbox (0.79262pt too wide) in paragraph at lines 344--346
\T1/ppl/m/n/12 your phone the peo-ple pass-ing by will not pay at-ten-tion?. Us
ers
 []

[54]
Overfull \hbox (10.72937pt too wide) in paragraph at lines 378--380
\T1/ppl/m/n/12 The body tech-nique seemed also very en-gag-ing and users wanted

 []

[55]
Overfull \hbox (6.03726pt too wide) in paragraph at lines 384--386
\T1/ppl/m/n/12 cause it could be shame or em-bar-rass-ment for their selves, ?m
ov-
 []


Overfull \hbox (4.95638pt too wide) in paragraph at lines 401--403
\T1/ppl/m/n/12 not no-tice the video ad-ver-tise-ment but would no-tice them-se
lves. 
 []

[56]) [57]
\openout2 = `Chapters/7/AdvertisementApplication.aux'.

 (./Chapters/7/AdvertisementApplication.tex [58



]
Chapter 7.
)
1: section
[59]
\openout2 = `Chapters/8/InteractiveNonInteractiveStudy.aux'.

 (./Chapters/8/InteractiveNonInteractiveStudy.tex [60



]
Chapter 8.

Overfull \hbox (1.30695pt too wide) in paragraph at lines 10--11
[]\T1/ppl/m/n/12 Two dif-fer-ent In-ter-ac-tions and one non-Interactive Ad-ver
-tise-ment
 []


Overfull \hbox (19.6087pt too wide) in paragraph at lines 19--20
[]\T1/ppl/m/n/12 For which of the three con-di-tions (body, mo-bile and non-int
eractive
 []

1: section
[61]
Overfull \hbox (11.94122pt too wide) in paragraph at lines 51--53
[]\T1/ppl/m/n/12 On-Site Ob-ser-va-tion: Two dif-fer-ent tim-ings dur-ing the d
ay, morn-
 []


Overfull \hbox (2.1848pt too wide) in paragraph at lines 54--56
[]\T1/ppl/m/n/12 System Logs The In-ter-ac-tive ad-ver-tise-ment ap-pli-ca-tion
 can gen-
 []

) [62]
\openout2 = `Chapters/9/InteractiveAdEnhancement.aux'.

 (./Chapters/9/InteractiveAdEnhancement.tex
Chapter 9.
)
1: section
[63



]
\openout2 = `Chapters/10/Conclusion.aux'.

 (./Chapters/10/Conclusion.tex [64



]
Chapter 10.
)
1: section
[65] (./main.bbl [66


]
Underfull \hbox (badness 10000) in paragraph at lines 20--23
[]\T1/ppl/m/n/12 Standford, At-ten-tion, Chap-ter 3, []$\T1/pcr/m/n/12 http : /
 / www-[]psych .
 []


Underfull \hbox (badness 10000) in paragraph at lines 20--23
\T1/pcr/m/n/12 stanford . edu / ashas / Cognition20Textbook / chapter3 .
 []

)
1: section
[67]
\openout2 = `Appendices/Appendix.aux'.

 (./Appendices/Appendix.tex [68


]
Appendix A.
<Appendices/3/Glance_Count_Method.pdf, id=1721, 794.97pt x 614.295pt>
File: Appendices/3/Glance_Count_Method.pdf Graphic file (type pdf)

<use Appendices/3/Glance_Count_Method.pdf>
Package pdftex.def Info: Appendices/3/Glance_Count_Method.pdf used on input lin
e 8.
(pdftex.def)             Requested size: 794.96806pt x 614.29349pt.
File: Appendices/3/Glance_Count_Method.pdf Graphic file (type pdf)

<use Appendices/3/Glance_Count_Method.pdf>
Package pdftex.def Info: Appendices/3/Glance_Count_Method.pdf used on input lin
e 8.
(pdftex.def)             Requested size: 794.96806pt x 614.29349pt.

<Appendices/3/Glance_Count_Method.pdf, id=1724, page=1, 794.97pt x 614.295pt>
File: Appendices/3/Glance_Count_Method.pdf Graphic file (type pdf)

<use Appendices/3/Glance_Count_Method.pdf, page 1>
Package pdftex.def Info: Appendices/3/Glance_Count_Method.pdf, page1 used on in
put line 8.
(pdftex.def)             Requested size: 426.80284pt x 569.09506pt.
File: Appendices/3/Glance_Count_Method.pdf Graphic file (type pdf)

<use Appendices/3/Glance_Count_Method.pdf, page 1>
Package pdftex.def Info: Appendices/3/Glance_Count_Method.pdf, page1 used on in
put line 8.
(pdftex.def)             Requested size: 1115.01257pt x 861.6006pt.
File: Appendices/3/Glance_Count_Method.pdf Graphic file (type pdf)

<use Appendices/3/Glance_Count_Method.pdf, page 1>
Package pdftex.def Info: Appendices/3/Glance_Count_Method.pdf, page1 used on in
put line 8.
(pdftex.def)             Requested size: 1115.01257pt x 861.6006pt.
File: Appendices/3/Glance_Count_Method.pdf Graphic file (type pdf)

<use Appendices/3/Glance_Count_Method.pdf, page 1>
Package pdftex.def Info: Appendices/3/Glance_Count_Method.pdf, page1 used on in
put line 8.
(pdftex.def)             Requested size: 1115.01257pt x 861.6006pt.

1: section
[69]
File: Appendices/3/Glance_Count_Method.pdf Graphic file (type pdf)
 <use Appendices/3/Glance_Count_Method.pdf, page 1>
Package pdftex.def Info: Appendices/3/Glance_Count_Method.pdf, page1 used on in
put line 8.
(pdftex.def)             Requested size: 1115.01257pt x 861.6006pt.
 [70 <./Appendices/3/Glance_Count_Method.pdf>]
<Appendices/3/Consent_form.pdf, id=1756, 614.295pt x 794.97pt>
File: Appendices/3/Consent_form.pdf Graphic file (type pdf)

<use Appendices/3/Consent_form.pdf>
Package pdftex.def Info: Appendices/3/Consent_form.pdf used on input line 9.
(pdftex.def)             Requested size: 614.29349pt x 794.96806pt.
File: Appendices/3/Consent_form.pdf Graphic file (type pdf)
 <use Appendices/3/Consent_form.pdf>
Package pdftex.def Info: Appendices/3/Consent_form.pdf used on input line 9.
(pdftex.def)             Requested size: 614.29349pt x 794.96806pt.

<Appendices/3/Consent_form.pdf, id=1759, page=1, 614.295pt x 794.97pt>
File: Appendices/3/Consent_form.pdf Graphic file (type pdf)

<use Appendices/3/Consent_form.pdf, page 1>
Package pdftex.def Info: Appendices/3/Consent_form.pdf, page1 used on input lin
e 9.
(pdftex.def)             Requested size: 426.79134pt x 552.32666pt.
File: Appendices/3/Consent_form.pdf Graphic file (type pdf)

<use Appendices/3/Consent_form.pdf, page 1>
Package pdftex.def Info: Appendices/3/Consent_form.pdf, page1 used on input lin
e 9.
(pdftex.def)             Requested size: 861.6006pt x 1115.01257pt.
File: Appendices/3/Consent_form.pdf Graphic file (type pdf)

<use Appendices/3/Consent_form.pdf, page 1>
Package pdftex.def Info: Appendices/3/Consent_form.pdf, page1 used on input lin
e 9.
(pdftex.def)             Requested size: 861.6006pt x 1115.01257pt.
File: Appendices/3/Consent_form.pdf Graphic file (type pdf)

<use Appendices/3/Consent_form.pdf, page 1>
Package pdftex.def Info: Appendices/3/Consent_form.pdf, page1 used on input lin
e 9.
(pdftex.def)             Requested size: 861.6006pt x 1115.01257pt.
File: Appendices/3/Consent_form.pdf Graphic file (type pdf)

<use Appendices/3/Consent_form.pdf, page 1>
Package pdftex.def Info: Appendices/3/Consent_form.pdf, page1 used on input lin
e 9.
(pdftex.def)             Requested size: 861.6006pt x 1115.01257pt.
 [71 <./Appendices/3/Consent_form.pdf>] <Appendices/3/Questionnaire.pdf, id=179
6, 614.295pt x 794.97pt>
File: Appendices/3/Questionnaire.pdf Graphic file (type pdf)

<use Appendices/3/Questionnaire.pdf>
Package pdftex.def Info: Appendices/3/Questionnaire.pdf used on input line 10.
(pdftex.def)             Requested size: 614.29349pt x 794.96806pt.
File: Appendices/3/Questionnaire.pdf Graphic file (type pdf)
 <use Appendices/3/Questionnaire.pdf>
Package pdftex.def Info: Appendices/3/Questionnaire.pdf used on input line 10.
(pdftex.def)             Requested size: 614.29349pt x 794.96806pt.

<Appendices/3/Questionnaire.pdf, id=1799, page=1, 614.295pt x 794.97pt>
File: Appendices/3/Questionnaire.pdf Graphic file (type pdf)

<use Appendices/3/Questionnaire.pdf, page 1>
Package pdftex.def Info: Appendices/3/Questionnaire.pdf, page1 used on input li
ne 10.
(pdftex.def)             Requested size: 426.79787pt x 569.0664pt.
File: Appendices/3/Questionnaire.pdf Graphic file (type pdf)

<use Appendices/3/Questionnaire.pdf, page 1>
Package pdftex.def Info: Appendices/3/Questionnaire.pdf, page1 used on input li
ne 10.
(pdftex.def)             Requested size: 861.6006pt x 1115.01257pt.
File: Appendices/3/Questionnaire.pdf Graphic file (type pdf)

<use Appendices/3/Questionnaire.pdf, page 1>
Package pdftex.def Info: Appendices/3/Questionnaire.pdf, page1 used on input li
ne 10.
(pdftex.def)             Requested size: 861.6006pt x 1115.01257pt.
File: Appendices/3/Questionnaire.pdf Graphic file (type pdf)

<use Appendices/3/Questionnaire.pdf, page 1>
Package pdftex.def Info: Appendices/3/Questionnaire.pdf, page1 used on input li
ne 10.
(pdftex.def)             Requested size: 861.6006pt x 1115.01257pt.
File: Appendices/3/Questionnaire.pdf Graphic file (type pdf)

<use Appendices/3/Questionnaire.pdf, page 1>
Package pdftex.def Info: Appendices/3/Questionnaire.pdf, page1 used on input li
ne 10.
(pdftex.def)             Requested size: 861.6006pt x 1115.01257pt.
 [72 <./Appendices/3/Questionnaire.pdf>])
Package atveryend Info: Empty hook `BeforeClearDocument' on input line 314.
Package atveryend Info: Empty hook `AfterLastShipout' on input line 314.
 (./main.aux (./Chapters/1/Introduction.aux) (./Chapters/2/Background.aux) (./C
hapters/3/AttractionAttention.aux)
(./Chapters/4/AdvertisementDecision.aux) (./Chapters/5/AdvertisementLowFi.aux)
(./Chapters/6/AdvertisementHighFi.aux)
(./Chapters/7/AdvertisementApplication.aux)
(./Chapters/8/InteractiveNonInteractiveStudy.aux)
(./Chapters/9/InteractiveAdEnhancement.aux) (./Chapters/10/Conclusion.aux)
(./Appendices/Appendix.aux))
Package atveryend Info: Executing hook `AtVeryEndDocument' on input line 314.
Package atveryend Info: Executing hook `AtEndAfterFileList' on input line 314.


Package rerunfilecheck Warning: File `main.out' has changed.
(rerunfilecheck)                Rerun to get outlines right
(rerunfilecheck)                or use package `bookmark'.

Package rerunfilecheck Info: Checksums for `main.out':
(rerunfilecheck)             Before: 85592F554CEFE9714AF4A71E67DBFEA4;12777
(rerunfilecheck)             After:  878B5A61308476CA3CCE48B50803B7E5;12777.

LaTeX Warning: There were undefined references.


LaTeX Warning: There were multiply-defined labels.

 ) 
Here is how much of TeX's memory you used:
 23304 strings out of 493089
 507082 string characters out of 6134843
 544386 words of memory out of 5000000
 25893 multiletter control sequences out of 15000+600000
 49069 words of font info for 80 fonts, out of 8000000 for 9000
 1141 hyphenation exceptions out of 8191
 48i,20n,78p,10377b,948s stack positions out of 5000i,500n,10000p,200000b,80000s
{/usr/local/texlive/2015/texmf-dist/fonts/enc/dvips/base/8r.enc}</usr/local/t
exlive/2015/texmf-dist/fonts/type1/public/amsfonts/cm/cmmi12.pfb></usr/local/te
xlive/2015/texmf-dist/fonts/type1/public/amsfonts/cm/cmr12.pfb></usr/local/texl
ive/2015/texmf-dist/fonts/type1/public/amsfonts/cm/cmr8.pfb></usr/local/texlive
/2015/texmf-dist/fonts/type1/public/amsfonts/cm/cmsy10.pfb></usr/local/texlive/
2015/texmf-dist/fonts/type1/public/amsfonts/cm/cmsy8.pfb></usr/local/texlive/20
15/texmf-dist/fonts/type1/urw/courier/ucrb8a.pfb></usr/local/texlive/2015/texmf
-dist/fonts/type1/urw/courier/ucrr8a.pfb></usr/local/texlive/2015/texmf-dist/fo
nts/type1/urw/palatino/uplb8a.pfb></usr/local/texlive/2015/texmf-dist/fonts/typ
e1/urw/palatino/uplr8a.pfb></usr/local/texlive/2015/texmf-dist/fonts/type1/urw/
palatino/uplr8a.pfb></usr/local/texlive/2015/texmf-dist/fonts/type1/urw/palatin
o/uplri8a.pfb>
Output written on main.pdf (100 pages, 6325776 bytes).
PDF statistics:
 1974 PDF objects out of 2073 (max. 8388607)
 1751 compressed objects within 18 object streams
 499 named destinations out of 1000 (max. 500000)
 1762 words of extra memory for PDF output out of 10000 (max. 10000000)

