\BOOKMARK [0][-]{section*.1}{Declaration of Authorship}{}% 1
\BOOKMARK [0][-]{section*.2}{Abstract}{}% 2
\BOOKMARK [0][-]{section*.3}{Acknowledgements}{}% 3
\BOOKMARK [0][-]{chapter.1}{Introduction}{}% 4
\BOOKMARK [1][-]{section.1.1}{Introduction}{chapter.1}% 5
\BOOKMARK [1][-]{section.1.2}{Advertisement performance}{chapter.1}% 6
\BOOKMARK [1][-]{section.1.3}{Research Questions}{chapter.1}% 7
\BOOKMARK [1][-]{section.1.4}{Procedures}{chapter.1}% 8
\BOOKMARK [1][-]{section.1.5}{Methodology}{chapter.1}% 9
\BOOKMARK [2][-]{subsection.1.5.1}{Prototypes}{section.1.5}% 10
\BOOKMARK [2][-]{subsection.1.5.2}{Evaluations}{section.1.5}% 11
\BOOKMARK [1][-]{section.1.6}{Research context}{chapter.1}% 12
\BOOKMARK [1][-]{section.1.7}{Thesis outline}{chapter.1}% 13
\BOOKMARK [0][-]{chapter.2}{Background}{}% 14
\BOOKMARK [1][-]{section.2.1}{Advertising}{chapter.2}% 15
\BOOKMARK [2][-]{subsection.2.1.1}{History of advertisement}{section.2.1}% 16
\BOOKMARK [2][-]{subsection.2.1.2}{Pervasive Advertising}{section.2.1}% 17
\BOOKMARK [2][-]{subsection.2.1.3}{Advertisement models}{section.2.1}% 18
\BOOKMARK [1][-]{section.2.2}{Public displays}{chapter.2}% 19
\BOOKMARK [2][-]{subsection.2.2.1}{History of public display research}{section.2.2}% 20
\BOOKMARK [2][-]{subsection.2.2.2}{Auto-active displays}{section.2.2}% 21
\BOOKMARK [2][-]{subsection.2.2.3}{Interactive displays}{section.2.2}% 22
\BOOKMARK [2][-]{subsection.2.2.4}{Engagement with displays}{section.2.2}% 23
\BOOKMARK [2][-]{subsection.2.2.5}{Metaphors}{section.2.2}% 24
\BOOKMARK [2][-]{subsection.2.2.6}{Interaction models}{section.2.2}% 25
\BOOKMARK [2][-]{subsection.2.2.7}{Technologies}{section.2.2}% 26
\BOOKMARK [0][-]{chapter.3}{Interactive and non-Interactive Advertisement field study}{}% 27
\BOOKMARK [1][-]{section.3.1}{Introduction}{chapter.3}% 28
\BOOKMARK [1][-]{section.3.2}{Advertisement}{chapter.3}% 29
\BOOKMARK [2][-]{subsection.3.2.1}{Interactive and Non-interactive Ads}{section.3.2}% 30
\BOOKMARK [2][-]{subsection.3.2.2}{Advertisement Effectivness}{section.3.2}% 31
\BOOKMARK [1][-]{section.3.3}{Research questions}{chapter.3}% 32
\BOOKMARK [1][-]{section.3.4}{Study design}{chapter.3}% 33
\BOOKMARK [2][-]{subsection.3.4.1}{Location}{section.3.4}% 34
\BOOKMARK [2][-]{subsection.3.4.2}{Duration}{section.3.4}% 35
\BOOKMARK [2][-]{subsection.3.4.3}{Internal Validity}{section.3.4}% 36
\BOOKMARK [2][-]{subsection.3.4.4}{Participants}{section.3.4}% 37
\BOOKMARK [2][-]{subsection.3.4.5}{Data gathering}{section.3.4}% 38
\BOOKMARK [1][-]{section.3.5}{Data Analysing}{chapter.3}% 39
\BOOKMARK [2][-]{subsection.3.5.1}{Glance counts}{section.3.5}% 40
\BOOKMARK [2][-]{subsection.3.5.2}{Interviews}{section.3.5}% 41
\BOOKMARK [2][-]{subsection.3.5.3}{Display Engagement phases and time}{section.3.5}% 42
\BOOKMARK [2][-]{subsection.3.5.4}{Honeypot and landing effects}{section.3.5}% 43
\BOOKMARK [2][-]{subsection.3.5.5}{Other observations}{section.3.5}% 44
\BOOKMARK [1][-]{section.3.6}{Findings}{chapter.3}% 45
\BOOKMARK [2][-]{subsection.3.6.1}{Non-Interactive findings}{section.3.6}% 46
\BOOKMARK [2][-]{subsection.3.6.2}{Body Interactive findings}{section.3.6}% 47
\BOOKMARK [2][-]{subsection.3.6.3}{Mobile Interactive findings}{section.3.6}% 48
\BOOKMARK [2][-]{subsection.3.6.4}{Comparison of advertisements}{section.3.6}% 49
\BOOKMARK [1][-]{section.3.7}{Discussion}{chapter.3}% 50
\BOOKMARK [1][-]{section.3.8}{Conclusion}{chapter.3}% 51
\BOOKMARK [0][-]{chapter.4}{Advertisement enhancement}{}% 52
\BOOKMARK [1][-]{section.4.1}{Introduction}{chapter.4}% 53
\BOOKMARK [1][-]{section.4.2}{Enhanced attracting attention}{chapter.4}% 54
\BOOKMARK [1][-]{section.4.3}{Interaction design}{chapter.4}% 55
\BOOKMARK [1][-]{section.4.4}{Research question}{chapter.4}% 56
\BOOKMARK [1][-]{section.4.5}{Study design}{chapter.4}% 57
\BOOKMARK [2][-]{subsection.4.5.1}{Location}{section.4.5}% 58
\BOOKMARK [2][-]{subsection.4.5.2}{Duration}{section.4.5}% 59
\BOOKMARK [2][-]{subsection.4.5.3}{Participants}{section.4.5}% 60
\BOOKMARK [2][-]{subsection.4.5.4}{Data gathering}{section.4.5}% 61
\BOOKMARK [1][-]{section.4.6}{Findings and results}{chapter.4}% 62
\BOOKMARK [2][-]{subsection.4.6.1}{Attention Level measurements}{section.4.6}% 63
\BOOKMARK [2][-]{subsection.4.6.2}{Engagement phases and time}{section.4.6}% 64
\BOOKMARK [2][-]{subsection.4.6.3}{Number of engaged passers-by}{section.4.6}% 65
\BOOKMARK [2][-]{subsection.4.6.4}{Landing and Honeypot effects}{section.4.6}% 66
\BOOKMARK [2][-]{subsection.4.6.5}{Other observations}{section.4.6}% 67
\BOOKMARK [2][-]{subsection.4.6.6}{Comparison}{section.4.6}% 68
\BOOKMARK [1][-]{section.4.7}{Discussions}{chapter.4}% 69
\BOOKMARK [1][-]{section.4.8}{Conclusion}{chapter.4}% 70
\BOOKMARK [0][-]{chapter.5}{Conclusion}{}% 71
\BOOKMARK [1][-]{section.5.1}{Summary of research}{chapter.5}% 72
\BOOKMARK [2][-]{subsection.5.1.1}{Advertisement development cycle}{section.5.1}% 73
\BOOKMARK [2][-]{subsection.5.1.2}{Advertisement performance}{section.5.1}% 74
\BOOKMARK [2][-]{subsection.5.1.3}{Attracting attraction}{section.5.1}% 75
\BOOKMARK [2][-]{subsection.5.1.4}{Motivation}{section.5.1}% 76
\BOOKMARK [2][-]{subsection.5.1.5}{Interaction}{section.5.1}% 77
\BOOKMARK [2][-]{subsection.5.1.6}{Passers-by Behavior around display}{section.5.1}% 78
\BOOKMARK [2][-]{subsection.5.1.7}{Futur work}{section.5.1}% 79
